0 verbose cli /usr/bin/node /usr/bin/npm
1 info using npm@9.2.0
2 info using node@v18.19.0
3 timing npm:load:whichnode Completed in 0ms
4 timing config:load:defaults Completed in 5ms
5 timing config:load:file:/usr/share/nodejs/npm/npmrc Completed in 4ms
6 timing config:load:builtin Completed in 4ms
7 timing config:load:cli Completed in 2ms
8 timing config:load:env Completed in 1ms
9 timing config:load:file:/home/coder/react_app/.npmrc Completed in 0ms
10 timing config:load:project Completed in 2ms
11 timing config:load:file:/root/.npmrc Completed in 1ms
12 timing config:load:user Completed in 1ms
13 timing config:load:file:/etc/npmrc Completed in 0ms
14 timing config:load:global Completed in 0ms
15 timing config:load:setEnvs Completed in 2ms
16 timing config:load Completed in 18ms
17 timing npm:load:configload Completed in 18ms
18 timing npm:load:mkdirpcache Completed in 0ms
19 timing npm:load:mkdirplogs Completed in 0ms
20 verbose title npm install
21 verbose argv "install"
22 timing npm:load:setTitle Completed in 3ms
23 timing config:load:flatten Completed in 7ms
24 timing npm:load:display Completed in 9ms
25 verbose logfile logs-max:10 dir:/home/coder/.npm-cache/_logs/2024-02-20T21_47_49_216Z-
26 verbose logfile /home/coder/.npm-cache/_logs/2024-02-20T21_47_49_216Z-debug-0.log
27 timing npm:load:logFile Completed in 9ms
28 timing npm:load:timers Completed in 0ms
29 timing npm:load:configScope Completed in 0ms
30 timing npm:load Completed in 40ms
31 silly logfile start cleaning logs, removing 1 files
32 timing config:load:flatten Completed in 1ms
33 timing arborist:ctor Completed in 1ms
34 silly logfile done cleaning log files
35 timing idealTree:init Completed in 1550ms
36 timing idealTree:userRequests Completed in 0ms
37 silly idealTree buildDeps
38 timing idealTree:#root Completed in 1ms
39 timing idealTree:buildDeps Completed in 2ms
40 timing idealTree:fixDepFlags Completed in 1ms
41 timing idealTree Completed in 1580ms
42 timing arborist:ctor Completed in 0ms
43 timing reify:loadTrees Completed in 2766ms
44 timing reify:diffTrees Completed in 32ms
45 silly reify moves {}
46 timing reify:retireShallow Completed in 1ms
47 timing reify:createSparse Completed in 3ms
48 timing reify:loadBundles Completed in 0ms
49 silly audit bulk request {
49 silly audit   react: [ '18.2.0' ],
49 silly audit   '@aashutoshrathi/word-wrap': [ '1.2.6' ],
49 silly audit   '@alloc/quick-lru': [ '5.2.0' ],
49 silly audit   '@ampproject/remapping': [ '2.2.1' ],
49 silly audit   '@babel/code-frame': [ '7.22.13', '7.12.11' ],
49 silly audit   '@babel/compat-data': [ '7.23.3' ],
49 silly audit   '@babel/core': [ '7.23.3' ],
49 silly audit   '@babel/eslint-parser': [ '7.23.3' ],
49 silly audit   'eslint-visitor-keys': [ '2.1.0', '3.4.3', '1.3.0' ],
49 silly audit   '@babel/generator': [ '7.23.3' ],
49 silly audit   '@babel/helper-annotate-as-pure': [ '7.22.5' ],
49 silly audit   '@babel/helper-builder-binary-assignment-operator-visitor': [ '7.22.15' ],
49 silly audit   '@babel/helper-compilation-targets': [ '7.22.15' ],
49 silly audit   '@babel/helper-create-class-features-plugin': [ '7.22.15' ],
49 silly audit   '@babel/helper-create-regexp-features-plugin': [ '7.22.15' ],
49 silly audit   '@babel/helper-define-polyfill-provider': [ '0.4.3' ],
49 silly audit   '@babel/helper-environment-visitor': [ '7.22.20' ],
49 silly audit   '@babel/helper-function-name': [ '7.23.0' ],
49 silly audit   '@babel/helper-hoist-variables': [ '7.22.5' ],
49 silly audit   '@babel/helper-member-expression-to-functions': [ '7.23.0' ],
49 silly audit   '@babel/helper-module-imports': [ '7.22.15' ],
49 silly audit   '@babel/helper-module-transforms': [ '7.23.3' ],
49 silly audit   '@babel/helper-optimise-call-expression': [ '7.22.5' ],
49 silly audit   '@babel/helper-plugin-utils': [ '7.22.5' ],
49 silly audit   '@babel/helper-remap-async-to-generator': [ '7.22.20' ],
49 silly audit   '@babel/helper-replace-supers': [ '7.22.20' ],
49 silly audit   '@babel/helper-simple-access': [ '7.22.5' ],
49 silly audit   '@babel/helper-skip-transparent-expression-wrappers': [ '7.22.5' ],
49 silly audit   '@babel/helper-split-export-declaration': [ '7.22.6' ],
49 silly audit   '@babel/helper-string-parser': [ '7.22.5' ],
49 silly audit   '@babel/helper-validator-identifier': [ '7.22.20' ],
49 silly audit   '@babel/helper-validator-option': [ '7.22.15' ],
49 silly audit   '@babel/helper-wrap-function': [ '7.22.20' ],
49 silly audit   '@babel/helpers': [ '7.23.2' ],
49 silly audit   '@babel/highlight': [ '7.22.20' ],
49 silly audit   '@babel/parser': [ '7.23.3' ],
49 silly audit   '@babel/plugin-bugfix-safari-id-destructuring-collision-in-function-expression': [ '7.23.3' ],
49 silly audit   '@babel/plugin-bugfix-v8-spread-parameters-in-optional-chaining': [ '7.23.3' ],
49 silly audit   '@babel/plugin-bugfix-v8-static-class-fields-redefine-readonly': [ '7.23.3' ],
49 silly audit   '@babel/plugin-proposal-class-properties': [ '7.18.6' ],
49 silly audit   '@babel/plugin-proposal-decorators': [ '7.23.3' ],
49 silly audit   '@babel/plugin-proposal-nullish-coalescing-operator': [ '7.18.6' ],
49 silly audit   '@babel/plugin-proposal-numeric-separator': [ '7.18.6' ],
49 silly audit   '@babel/plugin-proposal-optional-chaining': [ '7.21.0' ],
49 silly audit   '@babel/plugin-proposal-private-methods': [ '7.18.6' ],
49 silly audit   '@babel/plugin-proposal-private-property-in-object': [ '7.21.11', '7.21.0-placeholder-for-preset-env.2' ],
49 silly audit   '@babel/plugin-syntax-async-generators': [ '7.8.4' ],
49 silly audit   '@babel/plugin-syntax-bigint': [ '7.8.3' ],
49 silly audit   '@babel/plugin-syntax-class-properties': [ '7.12.13' ],
49 silly audit   '@babel/plugin-syntax-class-static-block': [ '7.14.5' ],
49 silly audit   '@babel/plugin-syntax-decorators': [ '7.23.3' ],
49 silly audit   '@babel/plugin-syntax-dynamic-import': [ '7.8.3' ],
49 silly audit   '@babel/plugin-syntax-export-namespace-from': [ '7.8.3' ],
49 silly audit   '@babel/plugin-syntax-flow': [ '7.23.3' ],
49 silly audit   '@babel/plugin-syntax-import-assertions': [ '7.23.3' ],
49 silly audit   '@babel/plugin-syntax-import-attributes': [ '7.23.3' ],
49 silly audit   '@babel/plugin-syntax-import-meta': [ '7.10.4' ],
49 silly audit   '@babel/plugin-syntax-json-strings': [ '7.8.3' ],
49 silly audit   '@babel/plugin-syntax-jsx': [ '7.23.3' ],
49 silly audit   '@babel/plugin-syntax-logical-assignment-operators': [ '7.10.4' ],
49 silly audit   '@babel/plugin-syntax-nullish-coalescing-operator': [ '7.8.3' ],
49 silly audit   '@babel/plugin-syntax-numeric-separator': [ '7.10.4' ],
49 silly audit   '@babel/plugin-syntax-object-rest-spread': [ '7.8.3' ],
49 silly audit   '@babel/plugin-syntax-optional-catch-binding': [ '7.8.3' ],
49 silly audit   '@babel/plugin-syntax-optional-chaining': [ '7.8.3' ],
49 silly audit   '@babel/plugin-syntax-private-property-in-object': [ '7.14.5' ],
49 silly audit   '@babel/plugin-syntax-top-level-await': [ '7.14.5' ],
49 silly audit   '@babel/plugin-syntax-typescript': [ '7.23.3' ],
49 silly audit   '@babel/plugin-syntax-unicode-sets-regex': [ '7.18.6' ],
49 silly audit   '@babel/plugin-transform-arrow-functions': [ '7.23.3' ],
49 silly audit   '@babel/plugin-transform-async-generator-functions': [ '7.23.3' ],
49 silly audit   '@babel/plugin-transform-async-to-generator': [ '7.23.3' ],
49 silly audit   '@babel/plugin-transform-block-scoped-functions': [ '7.23.3' ],
49 silly audit   '@babel/plugin-transform-block-scoping': [ '7.23.3' ],
49 silly audit   '@babel/plugin-transform-class-properties': [ '7.23.3' ],
49 silly audit   '@babel/plugin-transform-class-static-block': [ '7.23.3' ],
49 silly audit   '@babel/plugin-transform-classes': [ '7.23.3' ],
49 silly audit   '@babel/plugin-transform-computed-properties': [ '7.23.3' ],
49 silly audit   '@babel/plugin-transform-destructuring': [ '7.23.3' ],
49 silly audit   '@babel/plugin-transform-dotall-regex': [ '7.23.3' ],
49 silly audit   '@babel/plugin-transform-duplicate-keys': [ '7.23.3' ],
49 silly audit   '@babel/plugin-transform-dynamic-import': [ '7.23.3' ],
49 silly audit   '@babel/plugin-transform-exponentiation-operator': [ '7.23.3' ],
49 silly audit   '@babel/plugin-transform-export-namespace-from': [ '7.23.3' ],
49 silly audit   '@babel/plugin-transform-flow-strip-types': [ '7.23.3' ],
49 silly audit   '@babel/plugin-transform-for-of': [ '7.23.3' ],
49 silly audit   '@babel/plugin-transform-function-name': [ '7.23.3' ],
49 silly audit   '@babel/plugin-transform-json-strings': [ '7.23.3' ],
49 silly audit   '@babel/plugin-transform-literals': [ '7.23.3' ],
49 silly audit   '@babel/plugin-transform-logical-assignment-operators': [ '7.23.3' ],
49 silly audit   '@babel/plugin-transform-member-expression-literals': [ '7.23.3' ],
49 silly audit   '@babel/plugin-transform-modules-amd': [ '7.23.3' ],
49 silly audit   '@babel/plugin-transform-modules-commonjs': [ '7.23.3' ],
49 silly audit   '@babel/plugin-transform-modules-systemjs': [ '7.23.3' ],
49 silly audit   '@babel/plugin-transform-modules-umd': [ '7.23.3' ],
49 silly audit   '@babel/plugin-transform-named-capturing-groups-regex': [ '7.22.5' ],
49 silly audit   '@babel/plugin-transform-new-target': [ '7.23.3' ],
49 silly audit   '@babel/plugin-transform-nullish-coalescing-operator': [ '7.23.3' ],
49 silly audit   '@babel/plugin-transform-numeric-separator': [ '7.23.3' ],
49 silly audit   '@babel/plugin-transform-object-rest-spread': [ '7.23.3' ],
49 silly audit   '@babel/plugin-transform-object-super': [ '7.23.3' ],
49 silly audit   '@babel/plugin-transform-optional-catch-binding': [ '7.23.3' ],
49 silly audit   '@babel/plugin-transform-optional-chaining': [ '7.23.3' ],
49 silly audit   '@babel/plugin-transform-parameters': [ '7.23.3' ],
49 silly audit   '@babel/plugin-transform-private-methods': [ '7.23.3' ],
49 silly audit   '@babel/plugin-transform-private-property-in-object': [ '7.23.3' ],
49 silly audit   '@babel/plugin-transform-property-literals': [ '7.23.3' ],
49 silly audit   '@babel/plugin-transform-react-constant-elements': [ '7.23.3' ],
49 silly audit   '@babel/plugin-transform-react-display-name': [ '7.23.3' ],
49 silly audit   '@babel/plugin-transform-react-jsx': [ '7.22.15' ],
49 silly audit   '@babel/plugin-transform-react-jsx-development': [ '7.22.5' ],
49 silly audit   '@babel/plugin-transform-react-pure-annotations': [ '7.23.3' ],
49 silly audit   '@babel/plugin-transform-regenerator': [ '7.23.3' ],
49 silly audit   '@babel/plugin-transform-reserved-words': [ '7.23.3' ],
49 silly audit   '@babel/plugin-transform-runtime': [ '7.23.3' ],
49 silly audit   '@babel/plugin-transform-shorthand-properties': [ '7.23.3' ],
49 silly audit   '@babel/plugin-transform-spread': [ '7.23.3' ],
49 silly audit   '@babel/plugin-transform-sticky-regex': [ '7.23.3' ],
49 silly audit   '@babel/plugin-transform-template-literals': [ '7.23.3' ],
49 silly audit   '@babel/plugin-transform-typeof-symbol': [ '7.23.3' ],
49 silly audit   '@babel/plugin-transform-typescript': [ '7.23.3' ],
49 silly audit   '@babel/plugin-transform-unicode-escapes': [ '7.23.3' ],
49 silly audit   '@babel/plugin-transform-unicode-property-regex': [ '7.23.3' ],
49 silly audit   '@babel/plugin-transform-unicode-regex': [ '7.23.3' ],
49 silly audit   '@babel/plugin-transform-unicode-sets-regex': [ '7.23.3' ],
49 silly audit   '@babel/preset-env': [ '7.23.3' ],
49 silly audit   '@babel/preset-modules': [ '0.1.6-no-external-plugins' ],
49 silly audit   '@babel/preset-react': [ '7.23.3' ],
49 silly audit   '@babel/preset-typescript': [ '7.23.3' ],
49 silly audit   '@babel/regjsgen': [ '0.8.0' ],
49 silly audit   '@babel/runtime': [ '7.13.8', '7.23.9', '7.23.2' ],
49 silly audit   '@babel/template': [ '7.22.15' ],
49 silly audit   '@babel/traverse': [ '7.23.3' ],
49 silly audit   '@babel/types': [ '7.23.3' ],
49 silly audit   '@bcoe/v8-coverage': [ '0.2.3' ],
49 silly audit   '@csstools/normalize.css': [ '12.0.0' ],
49 silly audit   '@csstools/postcss-cascade-layers': [ '1.1.1' ],
49 silly audit   '@csstools/postcss-color-function': [ '1.1.1' ],
49 silly audit   '@csstools/postcss-font-format-keywords': [ '1.0.1' ],
49 silly audit   '@csstools/postcss-hwb-function': [ '1.0.2' ],
49 silly audit   '@csstools/postcss-ic-unit': [ '1.0.1' ],
49 silly audit   '@csstools/postcss-is-pseudo-class': [ '2.0.7' ],
49 silly audit   '@csstools/postcss-nested-calc': [ '1.0.0' ],
49 silly audit   '@csstools/postcss-normalize-display-values': [ '1.0.1' ],
49 silly audit   '@csstools/postcss-oklab-function': [ '1.1.1' ],
49 silly audit   '@csstools/postcss-progressive-custom-properties': [ '1.3.0' ],
49 silly audit   '@csstools/postcss-stepped-value-functions': [ '1.0.1' ],
49 silly audit   '@csstools/postcss-text-decoration-shorthand': [ '1.0.0' ],
49 silly audit   '@csstools/postcss-trigonometric-functions': [ '1.0.2' ],
49 silly audit   '@csstools/postcss-unset-value': [ '1.0.2' ],
49 silly audit   '@csstools/selector-specificity': [ '2.2.0' ],
49 silly audit   '@discoveryjs/json-ext': [ '0.5.7' ],
49 silly audit   '@emotion/babel-plugin': [ '11.11.0' ],
49 silly audit   'convert-source-map': [ '1.9.0', '2.0.0' ],
49 silly audit   'regenerator-runtime': [ '0.14.1', '0.13.11' ],
49 silly audit   '@emotion/cache': [ '11.11.0' ],
49 silly audit   '@emotion/hash': [ '0.9.1' ],
49 silly audit   '@emotion/is-prop-valid': [ '1.2.1' ],
49 silly audit   '@emotion/memoize': [ '0.8.1' ],
49 silly audit   '@emotion/react': [ '11.11.3' ],
49 silly audit   '@emotion/serialize': [ '1.1.3' ],
49 silly audit   '@emotion/sheet': [ '1.2.2' ],
49 silly audit   '@emotion/styled': [ '11.11.0' ],
49 silly audit   '@emotion/unitless': [ '0.8.1' ],
49 silly audit   '@emotion/use-insertion-effect-with-fallbacks': [ '1.0.1' ],
49 silly audit   '@emotion/utils': [ '1.2.1' ],
49 silly audit   '@emotion/weak-memoize': [ '0.3.1' ],
49 silly audit   '@eslint-community/eslint-utils': [ '4.4.0' ],
49 silly audit   '@eslint-community/regexpp': [ '4.10.0' ],
49 silly audit   '@eslint/eslintrc': [ '0.4.3', '2.1.3' ],
49 silly audit   globals: [ '13.23.0', '11.12.0' ],
49 silly audit   'type-fest': [ '0.20.2', '0.16.0', '0.21.3' ],
49 silly audit   '@eslint/js': [ '8.54.0' ],
49 silly audit   '@floating-ui/core': [ '1.6.0' ],
49 silly audit   '@floating-ui/dom': [ '1.6.1' ],
49 silly audit   '@floating-ui/react-dom': [ '2.0.8' ],
49 silly audit   '@floating-ui/utils': [ '0.2.1' ],
49 silly audit   '@fullcalendar/core': [ '6.1.10' ],
49 silly audit   '@fullcalendar/daygrid': [ '6.1.10' ],
49 silly audit   '@fullcalendar/react': [ '6.1.10' ],
49 silly audit   '@humanwhocodes/config-array': [ '0.5.0', '0.11.13' ],
49 silly audit   '@humanwhocodes/module-importer': [ '1.0.1' ],
49 silly audit   '@humanwhocodes/object-schema': [ '1.2.1', '2.0.1' ],
49 silly audit   '@istanbuljs/load-nyc-config': [ '1.1.0' ],
49 silly audit   camelcase: [ '5.3.1', '6.3.0' ],
49 silly audit   'find-up': [ '4.1.0', '5.0.0', '3.0.0' ],
49 silly audit   'locate-path': [ '5.0.0', '6.0.0', '3.0.0' ],
49 silly audit   'p-limit': [ '2.3.0', '3.1.0' ],
49 silly audit   'p-locate': [ '4.1.0', '5.0.0', '3.0.0' ],
49 silly audit   'resolve-from': [ '5.0.0', '4.0.0' ],
49 silly audit   '@istanbuljs/schema': [ '0.1.3' ],
49 silly audit   '@jest/console': [ '27.5.1', '28.1.3' ],
49 silly audit   'ansi-styles': [ '4.3.0', '3.2.1', '5.2.0' ],
49 silly audit   chalk: [ '4.1.2', '2.4.2' ],
49 silly audit   'color-convert': [ '2.0.1', '1.9.3' ],
49 silly audit   'color-name': [ '1.1.4', '1.1.3' ],
49 silly audit   'has-flag': [ '4.0.0', '3.0.0' ],
49 silly audit   'supports-color': [ '7.2.0', '8.1.1', '5.5.0' ],
49 silly audit   '@jest/core': [ '27.5.1' ],
49 silly audit   '@jest/environment': [ '27.5.1' ],
49 silly audit   '@jest/fake-timers': [ '27.5.1' ],
49 silly audit   '@jest/globals': [ '27.5.1' ],
49 silly audit   '@jest/reporters': [ '27.5.1' ],
49 silly audit   'source-map': [ '0.6.1', '0.7.4', '0.5.7', '0.8.0-beta.0' ],
49 silly audit   '@jest/schemas': [ '28.1.3' ],
49 silly audit   '@jest/source-map': [ '27.5.1' ],
49 silly audit   '@jest/test-result': [ '27.5.1', '28.1.3' ],
49 silly audit   '@jest/test-sequencer': [ '27.5.1' ],
49 silly audit   '@jest/transform': [ '27.5.1' ],
49 silly audit   '@jest/types': [ '27.5.1', '28.1.3' ],
49 silly audit   '@jridgewell/gen-mapping': [ '0.3.3' ],
49 silly audit   '@jridgewell/resolve-uri': [ '3.1.1' ],
49 silly audit   '@jridgewell/set-array': [ '1.1.2' ],
49 silly audit   '@jridgewell/source-map': [ '0.3.5' ],
49 silly audit   '@jridgewell/sourcemap-codec': [ '1.4.15' ],
49 silly audit   '@jridgewell/trace-mapping': [ '0.3.20' ],
49 silly audit   '@leichtgewicht/ip-codec': [ '2.0.4' ],
49 silly audit   '@mui/base': [ '5.0.0-beta.34' ],
49 silly audit   '@mui/core-downloads-tracker': [ '5.15.8' ],
49 silly audit   '@mui/icons-material': [ '5.15.8' ],
49 silly audit   '@mui/material': [ '5.15.7' ],
49 silly audit   '@mui/private-theming': [ '5.15.8' ],
49 silly audit   '@mui/styled-engine': [ '5.15.8' ],
49 silly audit   '@mui/system': [ '5.15.8' ],
49 silly audit   '@mui/types': [ '7.2.13' ],
49 silly audit   '@mui/utils': [ '5.15.8' ],
49 silly audit   '@nicolo-ribaudo/eslint-scope-5-internals': [ '5.1.1-v1' ],
49 silly audit   '@nodelib/fs.scandir': [ '2.1.5' ],
49 silly audit   '@nodelib/fs.stat': [ '2.0.5' ],
49 silly audit   '@nodelib/fs.walk': [ '1.2.8' ],
49 silly audit   '@pmmmwh/react-refresh-webpack-plugin': [ '0.5.11' ],
49 silly audit   'loader-utils': [ '2.0.4', '3.2.1' ],
49 silly audit   '@popperjs/core': [ '2.11.8' ],
49 silly audit   '@remix-run/router': [ '1.15.0' ],
49 silly audit   '@rollup/plugin-babel': [ '5.3.1' ],
49 silly audit   '@rollup/plugin-node-resolve': [ '11.2.1' ],
49 silly audit   '@rollup/plugin-replace': [ '2.4.2' ],
49 silly audit   '@rollup/pluginutils': [ '3.1.0' ],
49 silly audit   '@types/estree': [ '0.0.39', '1.0.5' ],
49 silly audit   '@rushstack/eslint-patch': [ '1.5.1' ],
49 silly audit   '@sinclair/typebox': [ '0.24.51' ],
49 silly audit   '@sinonjs/commons': [ '1.8.6' ],
49 silly audit   '@sinonjs/fake-timers': [ '8.1.0' ],
49 silly audit   '@surma/rollup-plugin-off-main-thread': [ '2.2.3' ],
49 silly audit   '@svgr/babel-plugin-add-jsx-attribute': [ '5.4.0' ],
49 silly audit   '@svgr/babel-plugin-remove-jsx-attribute': [ '5.4.0' ],
49 silly audit   '@svgr/babel-plugin-remove-jsx-empty-expression': [ '5.0.1' ],
49 silly audit   '@svgr/babel-plugin-replace-jsx-attribute-value': [ '5.0.1' ],
49 silly audit   '@svgr/babel-plugin-svg-dynamic-title': [ '5.4.0' ],
49 silly audit   '@svgr/babel-plugin-svg-em-dimensions': [ '5.4.0' ],
49 silly audit   '@svgr/babel-plugin-transform-react-native-svg': [ '5.4.0' ],
49 silly audit   '@svgr/babel-plugin-transform-svg-component': [ '5.5.0' ],
49 silly audit   '@svgr/babel-preset': [ '5.5.0' ],
49 silly audit   '@svgr/core': [ '5.5.0' ],
49 silly audit   '@svgr/hast-util-to-babel-ast': [ '5.5.0' ],
49 silly audit   '@svgr/plugin-jsx': [ '5.5.0' ],
49 silly audit   '@svgr/plugin-svgo': [ '5.5.0' ],
49 silly audit   '@svgr/webpack': [ '5.5.0' ],
49 silly audit   '@tootallnate/once': [ '1.1.2' ],
49 silly audit   '@trysound/sax': [ '0.2.0' ],
49 silly audit   '@types/babel__core': [ '7.20.4' ],
49 silly audit   '@types/babel__generator': [ '7.6.7' ],
49 silly audit   '@types/babel__template': [ '7.4.4' ],
49 silly audit   '@types/babel__traverse': [ '7.20.4' ],
49 silly audit   '@types/body-parser': [ '1.19.5' ],
49 silly audit   '@types/bonjour': [ '3.5.13' ],
49 silly audit   '@types/connect': [ '3.4.38' ],
49 silly audit   '@types/connect-history-api-fallback': [ '1.5.3' ],
49 silly audit   '@types/eslint': [ '8.44.7' ],
49 silly audit   '@types/eslint-scope': [ '3.7.7' ],
49 silly audit   '@types/express': [ '4.17.21' ],
49 silly audit   '@types/express-serve-static-core': [ '4.17.41' ],
49 silly audit   '@types/graceful-fs': [ '4.1.9' ],
49 silly audit   '@types/html-minifier-terser': [ '6.1.0' ],
49 silly audit   '@types/http-errors': [ '2.0.4' ],
49 silly audit   '@types/http-proxy': [ '1.17.14' ],
49 silly audit   '@types/istanbul-lib-coverage': [ '2.0.6' ],
49 silly audit   '@types/istanbul-lib-report': [ '3.0.3' ],
49 silly audit   '@types/istanbul-reports': [ '3.0.4' ],
49 silly audit   '@types/json-schema': [ '7.0.15' ],
49 silly audit   '@types/json5': [ '0.0.29' ],
49 silly audit   '@types/lodash': [ '4.14.202' ],
49 silly audit   '@types/lodash.memoize': [ '4.1.9' ],
49 silly audit   '@types/mime': [ '1.3.5' ],
49 silly audit   '@types/node': [ '20.9.2' ],
49 silly audit   '@types/node-forge': [ '1.3.9' ],
49 silly audit   '@types/parse-json': [ '4.0.2' ],
49 silly audit   '@types/prettier': [ '2.7.3' ],
49 silly audit   '@types/prop-types': [ '15.7.11' ],
49 silly audit   '@types/q': [ '1.5.8' ],
49 silly audit   '@types/qs': [ '6.9.10' ],
49 silly audit   '@types/range-parser': [ '1.2.7' ],
49 silly audit   '@types/react': [ '18.2.48' ],
49 silly audit   '@types/react-dom': [ '18.2.18' ],
49 silly audit   '@types/react-transition-group': [ '4.4.10' ],
49 silly audit   '@types/resolve': [ '1.17.1' ],
49 silly audit   '@types/retry': [ '0.12.0' ],
49 silly audit   '@types/scheduler': [ '0.16.8' ],
49 silly audit   '@types/semver': [ '7.5.5' ],
49 silly audit   '@types/send': [ '0.17.4' ],
49 silly audit   '@types/serve-index': [ '1.9.4' ],
49 silly audit   '@types/serve-static': [ '1.15.5' ],
49 silly audit   '@types/sockjs': [ '0.3.36' ],
49 silly audit   '@types/stack-utils': [ '2.0.3' ],
49 silly audit   '@types/trusted-types': [ '2.0.6' ],
49 silly audit   '@types/ws': [ '8.5.9' ],
49 silly audit   '@types/yargs': [ '16.0.8', '17.0.31' ],
49 silly audit   '@types/yargs-parser': [ '21.0.3' ],
49 silly audit   '@typescript-eslint/eslint-plugin': [ '5.62.0' ],
49 silly audit   ignore: [ '5.3.0', '4.0.6' ],
49 silly audit   'lru-cache': [ '6.0.0', '5.1.1' ],
49 silly audit   semver: [ '7.5.4', '6.3.1' ],
49 silly audit   yallist: [ '4.0.0', '3.1.1' ],
49 silly audit   '@typescript-eslint/experimental-utils': [ '5.62.0' ],
49 silly audit   '@typescript-eslint/parser': [ '5.62.0' ],
49 silly audit   '@typescript-eslint/scope-manager': [ '5.62.0' ],
49 silly audit   '@typescript-eslint/type-utils': [ '5.62.0' ],
49 silly audit   '@typescript-eslint/types': [ '5.62.0' ],
49 silly audit   '@typescript-eslint/typescript-estree': [ '5.62.0' ],
49 silly audit   '@typescript-eslint/utils': [ '5.62.0' ],
49 silly audit   '@typescript-eslint/visitor-keys': [ '5.62.0' ],
49 silly audit   '@ungap/structured-clone': [ '1.2.0' ],
49 silly audit   '@webassemblyjs/ast': [ '1.11.6' ],
49 silly audit   '@webassemblyjs/floating-point-hex-parser': [ '1.11.6' ],
49 silly audit   '@webassemblyjs/helper-api-error': [ '1.11.6' ],
49 silly audit   '@webassemblyjs/helper-buffer': [ '1.11.6' ],
49 silly audit   '@webassemblyjs/helper-numbers': [ '1.11.6' ],
49 silly audit   '@webassemblyjs/helper-wasm-bytecode': [ '1.11.6' ],
49 silly audit   '@webassemblyjs/helper-wasm-section': [ '1.11.6' ],
49 silly audit   '@webassemblyjs/ieee754': [ '1.11.6' ],
49 silly audit   '@webassemblyjs/leb128': [ '1.11.6' ],
49 silly audit   '@webassemblyjs/utf8': [ '1.11.6' ],
49 silly audit   '@webassemblyjs/wasm-edit': [ '1.11.6' ],
49 silly audit   '@webassemblyjs/wasm-gen': [ '1.11.6' ],
49 silly audit   '@webassemblyjs/wasm-opt': [ '1.11.6' ],
49 silly audit   '@webassemblyjs/wasm-parser': [ '1.11.6' ],
49 silly audit   '@webassemblyjs/wast-printer': [ '1.11.6' ],
49 silly audit   '@webpack-cli/configtest': [ '2.1.1' ],
49 silly audit   '@webpack-cli/info': [ '2.0.2' ],
49 silly audit   '@webpack-cli/serve': [ '2.0.5' ],
49 silly audit   '@wojtekmaj/date-utils': [ '1.5.1' ],
49 silly audit   '@xtuc/ieee754': [ '1.2.0' ],
49 silly audit   '@xtuc/long': [ '4.2.2' ],
49 silly audit   abab: [ '2.0.6' ],
49 silly audit   accepts: [ '1.3.8' ],
49 silly audit   acorn: [ '7.4.1', '8.11.3' ],
49 silly audit   'acorn-globals': [ '6.0.0' ],
49 silly audit   'acorn-jsx': [ '5.3.2' ],
49 silly audit   'acorn-walk': [ '7.2.0' ],
49 silly audit   address: [ '1.2.2' ],
49 silly audit   'adjust-sourcemap-loader': [ '4.0.0' ],
49 silly audit   'agent-base': [ '6.0.2' ],
49 silly audit   ajv: [ '6.12.6', '8.12.0' ],
49 silly audit   'ajv-formats': [ '2.1.1' ],
49 silly audit   'json-schema-traverse': [ '1.0.0', '0.4.1' ],
49 silly audit   'ajv-keywords': [ '3.5.2', '5.1.0' ],
49 silly audit   'ansi-colors': [ '4.1.3' ],
49 silly audit   'ansi-escapes': [ '4.3.2' ],
49 silly audit   'ansi-html-community': [ '0.0.8' ],
49 silly audit   'ansi-regex': [ '5.0.1', '6.0.1' ],
49 silly audit   'any-promise': [ '1.3.0' ],
49 silly audit   anymatch: [ '3.1.3' ],
49 silly audit   arg: [ '5.0.2' ],
49 silly audit   argparse: [ '1.0.10', '2.0.1' ],
49 silly audit   'aria-query': [ '5.3.0' ],
49 silly audit   'array-buffer-byte-length': [ '1.0.0' ],
49 silly audit   'array-flatten': [ '2.1.2', '1.1.1' ],
49 silly audit   'array-includes': [ '3.1.7' ],
49 silly audit   'array-union': [ '2.1.0' ],
49 silly audit   'array.prototype.findlastindex': [ '1.2.3' ],
49 silly audit   'array.prototype.flat': [ '1.3.2' ],
49 silly audit   'array.prototype.flatmap': [ '1.3.2' ],
49 silly audit   'array.prototype.reduce': [ '1.0.6' ],
49 silly audit   'array.prototype.tosorted': [ '1.1.2' ],
49 silly audit   'arraybuffer.prototype.slice': [ '1.0.2' ],
49 silly audit   asap: [ '2.0.6' ],
49 silly audit   'ast-types-flow': [ '0.0.8' ],
49 silly audit   'astral-regex': [ '2.0.0' ],
49 silly audit   async: [ '3.2.5' ],
49 silly audit   'asynciterator.prototype': [ '1.0.0' ],
49 silly audit   asynckit: [ '0.4.0' ],
49 silly audit   'at-least-node': [ '1.0.0' ],
49 silly audit   autoprefixer: [ '10.4.16' ],
49 silly audit   'available-typed-arrays': [ '1.0.5' ],
49 silly audit   'axe-core': [ '4.7.0' ],
49 silly audit   'axobject-query': [ '3.2.1' ],
49 silly audit   'babel-eslint': [ '10.1.0' ],
49 silly audit   'babel-jest': [ '27.5.1' ],
49 silly audit   'babel-loader': [ '8.3.0' ],
49 silly audit   'schema-utils': [ '2.7.1', '4.2.0', '2.7.0', '3.3.0' ],
49 silly audit   'babel-plugin-istanbul': [ '6.1.1' ],
49 silly audit   'babel-plugin-jest-hoist': [ '27.5.1' ],
49 silly audit   'babel-plugin-macros': [ '3.1.0' ],
49 silly audit   'babel-plugin-named-asset-import': [ '0.3.8' ],
49 silly audit   'babel-plugin-polyfill-corejs2': [ '0.4.6' ],
49 silly audit   'babel-plugin-polyfill-corejs3': [ '0.8.6' ],
49 silly audit   'babel-plugin-polyfill-regenerator': [ '0.5.3' ],
49 silly audit   'babel-plugin-transform-react-remove-prop-types': [ '0.4.24' ],
49 silly audit   'babel-preset-current-node-syntax': [ '1.0.1' ],
49 silly audit   'babel-preset-jest': [ '27.5.1' ],
49 silly audit   'babel-preset-react-app': [ '10.0.1' ],
49 silly audit   'balanced-match': [ '1.0.2' ],
49 silly audit   batch: [ '0.6.1' ],
49 silly audit   bfj: [ '7.1.0' ],
49 silly audit   'big.js': [ '5.2.2' ],
49 silly audit   'binary-extensions': [ '2.2.0' ],
49 silly audit   bluebird: [ '3.7.2' ],
49 silly audit   'body-parser': [ '1.20.1' ],
49 silly audit   bytes: [ '3.1.2', '3.0.0' ],
49 silly audit   debug: [ '2.6.9', '4.3.4', '3.2.7' ],
49 silly audit   'iconv-lite': [ '0.4.24', '0.6.3' ],
49 silly audit   ms: [ '2.0.0', '2.1.2', '2.1.3' ],
49 silly audit   'bonjour-service': [ '1.1.1' ],
49 silly audit   boolbase: [ '1.0.0' ],
49 silly audit   'brace-expansion': [ '1.1.11', '2.0.1' ],
49 silly audit   braces: [ '3.0.2' ],
49 silly audit   'browser-process-hrtime': [ '1.0.0' ],
49 silly audit   browserslist: [ '4.22.1' ],
49 silly audit   bser: [ '2.1.1' ],
49 silly audit   'buffer-from': [ '1.1.2' ],
49 silly audit   'builtin-modules': [ '3.3.0' ],
49 silly audit   'call-bind': [ '1.0.5' ],
49 silly audit   callsites: [ '3.1.0' ],
49 silly audit   'camel-case': [ '4.1.2' ],
49 silly audit   'camelcase-css': [ '2.0.1' ],
49 silly audit   'caniuse-api': [ '3.0.0' ],
49 silly audit   'caniuse-lite': [ '1.0.30001563' ],
49 silly audit   'case-sensitive-paths-webpack-plugin': [ '2.4.0' ],
49 silly audit   'escape-string-regexp': [ '1.0.5', '4.0.0', '2.0.0' ],
49 silly audit   'char-regex': [ '1.0.2', '2.0.1' ],
49 silly audit   'check-types': [ '11.2.3' ],
49 silly audit   chokidar: [ '3.5.3' ],
49 silly audit   'chrome-trace-event': [ '1.0.3' ],
49 silly audit   'ci-info': [ '3.9.0' ],
49 silly audit   'cjs-module-lexer': [ '1.2.3' ],
49 silly audit   'clean-css': [ '5.3.2' ],
49 silly audit   cliui: [ '7.0.4' ],
49 silly audit   'clone-deep': [ '4.0.1' ],
49 silly audit   clsx: [ '2.1.0' ],
49 silly audit   co: [ '4.6.0' ],
49 silly audit   coa: [ '2.0.2' ],
49 silly audit   'collect-v8-coverage': [ '1.0.2' ],
49 silly audit   colord: [ '2.9.3' ],
49 silly audit   colorette: [ '2.0.20' ],
49 silly audit   'combined-stream': [ '1.0.8' ],
49 silly audit   commander: [ '8.3.0', '7.2.0', '4.1.1', '2.20.3', '10.0.1' ],
49 silly audit   'common-path-prefix': [ '3.0.0' ],
49 silly audit   'common-tags': [ '1.8.2' ],
49 silly audit   commondir: [ '1.0.1' ],
49 silly audit   compressible: [ '2.0.18' ],
49 silly audit   compression: [ '1.7.4' ],
49 silly audit   'safe-buffer': [ '5.1.2', '5.2.1' ],
49 silly audit   'concat-map': [ '0.0.1' ],
49 silly audit   'confusing-browser-globals': [ '1.0.11' ],
49 silly audit   'connect-history-api-fallback': [ '2.0.0' ],
49 silly audit   'content-disposition': [ '0.5.4' ],
49 silly audit   'content-type': [ '1.0.5' ],
49 silly audit   cookie: [ '0.5.0' ],
49 silly audit   'cookie-signature': [ '1.0.6' ],
49 silly audit   'core-js': [ '3.33.3' ],
49 silly audit   'core-js-compat': [ '3.33.3' ],
49 silly audit   'core-js-pure': [ '3.33.3' ],
49 silly audit   'core-util-is': [ '1.0.3' ],
49 silly audit   cosmiconfig: [ '7.1.0', '6.0.0' ],
49 silly audit   'cross-spawn': [ '7.0.3' ],
49 silly audit   'crypto-random-string': [ '2.0.0' ],
49 silly audit   'css-blank-pseudo': [ '3.0.3' ],
49 silly audit   'css-declaration-sorter': [ '6.4.1' ],
49 silly audit   'css-has-pseudo': [ '3.0.4' ],
49 silly audit   'css-loader': [ '6.8.1' ],
49 silly audit   'css-minimizer-webpack-plugin': [ '3.4.1' ],
49 silly audit   'css-prefers-color-scheme': [ '6.0.3' ],
49 silly audit   'css-select': [ '4.3.0', '2.1.0' ],
49 silly audit   'css-select-base-adapter': [ '0.1.1' ],
49 silly audit   'css-tree': [ '1.0.0-alpha.37', '1.1.3' ],
49 silly audit   'css-what': [ '6.1.0', '3.4.2' ],
49 silly audit   cssdb: [ '7.9.0' ],
49 silly audit   cssesc: [ '3.0.0' ],
49 silly audit   cssnano: [ '5.1.15' ],
49 silly audit   'cssnano-preset-default': [ '5.2.14' ],
49 silly audit   'cssnano-utils': [ '3.1.0' ],
49 silly audit   csso: [ '4.2.0' ],
49 silly audit   'mdn-data': [ '2.0.14', '2.0.4' ],
49 silly audit   cssom: [ '0.4.4', '0.3.8' ],
49 silly audit   cssstyle: [ '2.3.0' ],
49 silly audit   csstype: [ '3.1.3' ],
49 silly audit   'damerau-levenshtein': [ '1.0.8' ],
49 silly audit   'data-urls': [ '2.0.0' ],
49 silly audit   'decimal.js': [ '10.4.3' ],
49 silly audit   dedent: [ '0.7.0' ],
49 silly audit   'deep-is': [ '0.1.4' ],
49 silly audit   deepmerge: [ '4.3.1' ],
49 silly audit   'default-gateway': [ '6.0.3' ],
49 silly audit   'define-data-property': [ '1.1.1' ],
49 silly audit   'define-lazy-prop': [ '2.0.0' ],
49 silly audit   'define-properties': [ '1.2.1' ],
49 silly audit   'delayed-stream': [ '1.0.0' ],
49 silly audit   depd: [ '2.0.0', '1.1.2' ],
49 silly audit   dequal: [ '2.0.3' ],
49 silly audit   destroy: [ '1.2.0' ],
49 silly audit   'detect-newline': [ '3.1.0' ],
49 silly audit   'detect-node': [ '2.1.0' ],
49 silly audit   'detect-port-alt': [ '1.1.6' ],
49 silly audit   didyoumean: [ '1.2.2' ],
49 silly audit   'diff-sequences': [ '27.5.1' ],
49 silly audit   'dir-glob': [ '3.0.1' ],
49 silly audit   dlv: [ '1.1.3' ],
49 silly audit   'dns-equal': [ '1.0.0' ],
49 silly audit   'dns-packet': [ '5.6.1' ],
49 silly audit   doctrine: [ '3.0.0', '2.1.0' ],
49 silly audit   'dom-converter': [ '0.2.0' ],
49 silly audit   'dom-helpers': [ '5.2.1' ],
49 silly audit   'dom-serializer': [ '1.4.1', '0.2.2' ],
49 silly audit   domelementtype: [ '2.3.0', '1.3.1' ],
49 silly audit   domexception: [ '2.0.1' ],
49 silly audit   'webidl-conversions': [ '5.0.0', '6.1.0', '4.0.2' ],
49 silly audit   domhandler: [ '4.3.1' ],
49 silly audit   domutils: [ '2.8.0', '1.7.0' ],
49 silly audit   'dot-case': [ '3.0.4' ],
49 silly audit   dotenv: [ '10.0.0' ],
49 silly audit   'dotenv-expand': [ '5.1.0' ],
49 silly audit   duplexer: [ '0.1.2' ],
49 silly audit   'ee-first': [ '1.1.1' ],
49 silly audit   ejs: [ '3.1.9' ],
49 silly audit   'electron-to-chromium': [ '1.4.588' ],
49 silly audit   emittery: [ '0.8.1', '0.10.2' ],
49 silly audit   'emoji-regex': [ '8.0.0', '9.2.2' ],
49 silly audit   'emojis-list': [ '3.0.0' ],
49 silly audit   encodeurl: [ '1.0.2' ],
49 silly audit   'enhanced-resolve': [ '5.15.0' ],
49 silly audit   enquirer: [ '2.4.1' ],
49 silly audit   entities: [ '2.2.0' ],
49 silly audit   envinfo: [ '7.11.1' ],
49 silly audit   'error-ex': [ '1.3.2' ],
49 silly audit   'error-stack-parser': [ '2.1.4' ],
49 silly audit   'es-abstract': [ '1.22.3' ],
49 silly audit   'es-array-method-boxes-properly': [ '1.0.0' ],
49 silly audit   'es-iterator-helpers': [ '1.0.15' ],
49 silly audit   'es-module-lexer': [ '1.4.1' ],
49 silly audit   'es-set-tostringtag': [ '2.0.2' ],
49 silly audit   'es-shim-unscopables': [ '1.0.2' ],
49 silly audit   'es-to-primitive': [ '1.2.1' ],
49 silly audit   escalade: [ '3.1.1' ],
49 silly audit   'escape-html': [ '1.0.3' ],
49 silly audit   escodegen: [ '2.1.0', '1.14.3' ],
49 silly audit   eslint: [ '7.32.0', '8.54.0' ],
49 silly audit   'eslint-import-resolver-node': [ '0.3.9' ],
49 silly audit   'eslint-module-utils': [ '2.8.0' ],
49 silly audit   'eslint-plugin-import': [ '2.29.0' ],
49 silly audit   'eslint-plugin-jest': [ '25.7.0' ],
49 silly audit   'eslint-plugin-jsx-a11y': [ '6.8.0' ],
49 silly audit   'eslint-plugin-react': [ '7.33.2' ],
49 silly audit   'eslint-plugin-react-hooks': [ '4.6.0' ],
49 silly audit   'eslint-plugin-react-refresh': [ '0.4.4' ],
49 silly audit   resolve: [ '2.0.0-next.5', '1.22.8' ],
49 silly audit   'eslint-plugin-testing-library': [ '5.11.1' ],
49 silly audit   'eslint-scope': [ '5.1.1', '7.2.2' ],
49 silly audit   estraverse: [ '4.3.0', '5.3.0' ],
49 silly audit   'eslint-utils': [ '2.1.0' ],
49 silly audit   'eslint-webpack-plugin': [ '3.2.0' ],
49 silly audit   'jest-worker': [ '28.1.3', '27.5.1', '26.6.2' ],
49 silly audit   espree: [ '7.3.1', '9.6.1' ],
49 silly audit   esprima: [ '4.0.1', '1.2.2' ],
49 silly audit   esquery: [ '1.5.0' ],
49 silly audit   esrecurse: [ '4.3.0' ],
49 silly audit   'estree-walker': [ '1.0.1' ],
49 silly audit   esutils: [ '2.0.3' ],
49 silly audit   etag: [ '1.8.1' ],
49 silly audit   eventemitter3: [ '4.0.7' ],
49 silly audit   events: [ '3.3.0' ],
49 silly audit   execa: [ '5.1.1' ],
49 silly audit   exit: [ '0.1.2' ],
49 silly audit   expect: [ '27.5.1' ],
49 silly audit   express: [ '4.18.2' ],
49 silly audit   'fast-deep-equal': [ '3.1.3' ],
49 silly audit   'fast-glob': [ '3.3.2' ],
49 silly audit   'fast-json-stable-stringify': [ '2.1.0' ],
49 silly audit   'fast-levenshtein': [ '2.0.6' ],
49 silly audit   'fastest-levenshtein': [ '1.0.16' ],
49 silly audit   fastq: [ '1.15.0' ],
49 silly audit   'faye-websocket': [ '0.11.4' ],
49 silly audit   'fb-watchman': [ '2.0.2' ],
49 silly audit   'file-entry-cache': [ '6.0.1' ],
49 silly audit   'file-loader': [ '6.2.0' ],
49 silly audit   filelist: [ '1.0.4' ],
49 silly audit   minimatch: [ '5.1.6', '3.1.2' ],
49 silly audit   filesize: [ '8.0.7' ],
49 silly audit   'fill-range': [ '7.0.1' ],
49 silly audit   finalhandler: [ '1.2.0' ],
49 silly audit   'find-cache-dir': [ '3.3.2' ],
49 silly audit   'find-root': [ '1.1.0' ],
49 silly audit   flat: [ '5.0.2' ],
49 silly audit   'flat-cache': [ '3.2.0' ],
49 silly audit   flatted: [ '3.2.9' ],
49 silly audit   'follow-redirects': [ '1.15.3' ],
49 silly audit   'for-each': [ '0.3.3' ],
49 silly audit   'fork-ts-checker-webpack-plugin': [ '6.5.3' ],
49 silly audit   'fs-extra': [ '9.1.0', '10.1.0' ],
49 silly audit   tapable: [ '1.1.3', '2.2.1' ],
49 silly audit   'form-data': [ '3.0.1' ],
49 silly audit   forwarded: [ '0.2.0' ],
49 silly audit   'fraction.js': [ '4.3.7' ],
49 silly audit   fresh: [ '0.5.2' ],
49 silly audit   'fs-monkey': [ '1.0.5' ],
49 silly audit   'fs.realpath': [ '1.0.0' ],
49 silly audit   fsevents: [ '2.3.3' ],
49 silly audit   'function-bind': [ '1.1.2' ],
49 silly audit   'function.prototype.name': [ '1.1.6' ],
49 silly audit   'functional-red-black-tree': [ '1.0.1' ],
49 silly audit   'functions-have-names': [ '1.2.3' ],
49 silly audit   gensync: [ '1.0.0-beta.2' ],
49 silly audit   'get-caller-file': [ '2.0.5' ],
49 silly audit   'get-intrinsic': [ '1.2.2' ],
49 silly audit   'get-own-enumerable-property-symbols': [ '3.0.2' ],
49 silly audit   'get-package-type': [ '0.1.0' ],
49 silly audit   'get-stream': [ '6.0.1' ],
49 silly audit   'get-symbol-description': [ '1.0.0' ],
49 silly audit   'get-user-locale': [ '2.3.1' ],
49 silly audit   glob: [ '7.2.3', '7.1.6' ],
49 silly audit   'glob-parent': [ '5.1.2', '6.0.2' ],
49 silly audit   'glob-to-regexp': [ '0.4.1' ],
49 silly audit   'global-modules': [ '2.0.0' ],
49 silly audit   'global-prefix': [ '3.0.0' ],
49 silly audit   which: [ '1.3.1', '2.0.2' ],
49 silly audit   globalthis: [ '1.0.3' ],
49 silly audit   globby: [ '11.1.0' ],
49 silly audit   gopd: [ '1.0.1' ],
49 silly audit   'graceful-fs': [ '4.2.11' ],
49 silly audit   graphemer: [ '1.4.0' ],
49 silly audit   'gzip-size': [ '6.0.0' ],
49 silly audit   'handle-thing': [ '2.0.1' ],
49 silly audit   'harmony-reflect': [ '1.6.2' ],
49 silly audit   'has-bigints': [ '1.0.2' ],
49 silly audit   'has-property-descriptors': [ '1.0.1' ],
49 silly audit   'has-proto': [ '1.0.1' ],
49 silly audit   'has-symbols': [ '1.0.3' ],
49 silly audit   'has-tostringtag': [ '1.0.0' ],
49 silly audit   hasown: [ '2.0.0' ],
49 silly audit   he: [ '1.2.0' ],
49 silly audit   'hoist-non-react-statics': [ '3.3.2' ],
49 silly audit   'react-is': [ '16.13.1', '17.0.2', '18.2.0' ],
49 silly audit   hoopy: [ '0.1.4' ],
49 silly audit   'hpack.js': [ '2.1.6' ],
49 silly audit   isarray: [ '1.0.0', '2.0.5' ],
49 silly audit   'readable-stream': [ '2.3.8', '3.6.2' ],
49 silly audit   string_decoder: [ '1.1.1', '1.3.0' ],
49 silly audit   'html-encoding-sniffer': [ '2.0.1' ],
49 silly audit   'html-entities': [ '2.4.0' ],
49 silly audit   'html-escaper': [ '2.0.2' ],
49 silly audit   'html-minifier-terser': [ '6.1.0' ],
49 silly audit   'html-webpack-plugin': [ '5.5.3' ],
49 silly audit   htmlparser2: [ '6.1.0' ],
49 silly audit   'http-deceiver': [ '1.2.7' ],
49 silly audit   'http-errors': [ '2.0.0', '1.6.3' ],
49 silly audit   'http-parser-js': [ '0.5.8' ],
49 silly audit   'http-proxy': [ '1.18.1' ],
49 silly audit   'http-proxy-agent': [ '4.0.1' ],
49 silly audit   'http-proxy-middleware': [ '2.0.6' ],
49 silly audit   'https-proxy-agent': [ '5.0.1' ],
49 silly audit   'human-signals': [ '2.1.0' ],
49 silly audit   'icss-utils': [ '5.1.0' ],
49 silly audit   idb: [ '7.1.1' ],
49 silly audit   'identity-obj-proxy': [ '3.0.0' ],
49 silly audit   immer: [ '9.0.21' ],
49 silly audit   'import-fresh': [ '3.3.0' ],
49 silly audit   'import-local': [ '3.1.0' ],
49 silly audit   imurmurhash: [ '0.1.4' ],
49 silly audit   inflight: [ '1.0.6' ],
49 silly audit   inherits: [ '2.0.4', '2.0.3' ],
49 silly audit   ini: [ '1.3.8' ],
49 silly audit   'internal-slot': [ '1.0.6' ],
49 silly audit   interpret: [ '3.1.1' ],
49 silly audit   'ipaddr.js': [ '2.1.0', '1.9.1' ],
49 silly audit   'is-array-buffer': [ '3.0.2' ],
49 silly audit   'is-arrayish': [ '0.2.1' ],
49 silly audit   'is-async-function': [ '2.0.0' ],
49 silly audit   'is-bigint': [ '1.0.4' ],
49 silly audit   'is-binary-path': [ '2.1.0' ],
49 silly audit   'is-boolean-object': [ '1.1.2' ],
49 silly audit   'is-callable': [ '1.2.7' ],
49 silly audit   'is-core-module': [ '2.13.1' ],
49 silly audit   'is-date-object': [ '1.0.5' ],
49 silly audit   'is-docker': [ '2.2.1' ],
49 silly audit   'is-extglob': [ '2.1.1' ],
49 silly audit   'is-finalizationregistry': [ '1.0.2' ],
49 silly audit   'is-fullwidth-code-point': [ '3.0.0' ],
49 silly audit   'is-generator-fn': [ '2.1.0' ],
49 silly audit   'is-generator-function': [ '1.0.10' ],
49 silly audit   'is-glob': [ '4.0.3' ],
49 silly audit   'is-map': [ '2.0.2' ],
49 silly audit   'is-module': [ '1.0.0' ],
49 silly audit   'is-negative-zero': [ '2.0.2' ],
49 silly audit   'is-number': [ '7.0.0' ],
49 silly audit   'is-number-object': [ '1.0.7' ],
49 silly audit   'is-obj': [ '1.0.1' ],
49 silly audit   'is-path-inside': [ '3.0.3' ],
49 silly audit   'is-plain-obj': [ '3.0.0' ],
49 silly audit   'is-plain-object': [ '2.0.4' ],
49 silly audit   'is-potential-custom-element-name': [ '1.0.1' ],
49 silly audit   'is-regex': [ '1.1.4' ],
49 silly audit   'is-regexp': [ '1.0.0' ],
49 silly audit   'is-root': [ '2.1.0' ],
49 silly audit   'is-set': [ '2.0.2' ],
49 silly audit   'is-shared-array-buffer': [ '1.0.2' ],
49 silly audit   'is-stream': [ '2.0.1' ],
49 silly audit   'is-string': [ '1.0.7' ],
49 silly audit   'is-symbol': [ '1.0.4' ],
49 silly audit   'is-typed-array': [ '1.1.12' ],
49 silly audit   'is-typedarray': [ '1.0.0' ],
49 silly audit   'is-weakmap': [ '2.0.1' ],
49 silly audit   'is-weakref': [ '1.0.2' ],
49 silly audit   'is-weakset': [ '2.0.2' ],
49 silly audit   'is-wsl': [ '2.2.0' ],
49 silly audit   isexe: [ '2.0.0' ],
49 silly audit   isobject: [ '3.0.1' ],
49 silly audit   'istanbul-lib-coverage': [ '3.2.2' ],
49 silly audit   'istanbul-lib-instrument': [ '5.2.1' ],
49 silly audit   'istanbul-lib-report': [ '3.0.1' ],
49 silly audit   'make-dir': [ '4.0.0', '3.1.0' ],
49 silly audit   'istanbul-lib-source-maps': [ '4.0.1' ],
49 silly audit   'istanbul-reports': [ '3.1.6' ],
49 silly audit   'iterator.prototype': [ '1.1.2' ],
49 silly audit   jake: [ '10.8.7' ],
49 silly audit   jest: [ '27.5.1' ],
49 silly audit   'jest-changed-files': [ '27.5.1' ],
49 silly audit   'jest-circus': [ '27.5.1' ],
49 silly audit   'jest-cli': [ '27.5.1' ],
49 silly audit   'jest-config': [ '27.5.1' ],
49 silly audit   'jest-diff': [ '27.5.1' ],
49 silly audit   'jest-docblock': [ '27.5.1' ],
49 silly audit   'jest-each': [ '27.5.1' ],
49 silly audit   'jest-environment-jsdom': [ '27.5.1' ],
49 silly audit   'jest-environment-node': [ '27.5.1' ],
49 silly audit   'jest-get-type': [ '27.5.1' ],
49 silly audit   'jest-haste-map': [ '27.5.1' ],
49 silly audit   'jest-jasmine2': [ '27.5.1' ],
49 silly audit   'jest-leak-detector': [ '27.5.1' ],
49 silly audit   'jest-matcher-utils': [ '27.5.1' ],
49 silly audit   'jest-message-util': [ '27.5.1', '28.1.3' ],
49 silly audit   'jest-mock': [ '27.5.1' ],
49 silly audit   'jest-pnp-resolver': [ '1.2.3' ],
49 silly audit   'jest-regex-util': [ '27.5.1', '28.0.2' ],
49 silly audit   'jest-resolve': [ '27.5.1' ],
49 silly audit   'jest-resolve-dependencies': [ '27.5.1' ],
49 silly audit   'jest-runner': [ '27.5.1' ],
49 silly audit   'jest-runtime': [ '27.5.1' ],
49 silly audit   'jest-serializer': [ '27.5.1' ],
49 silly audit   'jest-snapshot': [ '27.5.1' ],
49 silly audit   'jest-util': [ '27.5.1', '28.1.3' ],
49 silly audit   'jest-validate': [ '27.5.1' ],
49 silly audit   'jest-watch-typeahead': [ '1.1.0' ],
49 silly audit   slash: [ '3.0.0', '4.0.0' ],
49 silly audit   'jest-watcher': [ '28.1.3', '27.5.1' ],
49 silly audit   'string-length': [ '4.0.2', '5.0.1' ],
49 silly audit   'strip-ansi': [ '6.0.1', '7.1.0' ],
49 silly audit   'pretty-format': [ '28.1.3', '27.5.1' ],
49 silly audit   jiti: [ '1.21.0' ],
49 silly audit   'js-tokens': [ '4.0.0' ],
49 silly audit   'js-yaml': [ '3.14.1', '4.1.0' ],
49 silly audit   jsdom: [ '16.7.0' ],
49 silly audit   jsesc: [ '2.5.2', '0.5.0' ],
49 silly audit   'json-buffer': [ '3.0.1' ],
49 silly audit   'json-parse-even-better-errors': [ '2.3.1' ],
49 silly audit   'json-schema': [ '0.4.0' ],
49 silly audit   'json-stable-stringify-without-jsonify': [ '1.0.1' ],
49 silly audit   json5: [ '2.2.3', '1.0.2' ],
49 silly audit   jsonfile: [ '6.1.0' ],
49 silly audit   jsonpath: [ '1.1.1' ],
49 silly audit   jsonpointer: [ '5.0.1' ],
49 silly audit   'jsx-ast-utils': [ '3.3.5' ],
49 silly audit   keyv: [ '4.5.4' ],
49 silly audit   'kind-of': [ '6.0.3' ],
49 silly audit   kleur: [ '3.0.3' ],
49 silly audit   klona: [ '2.0.6' ],
49 silly audit   'language-subtag-registry': [ '0.3.22' ],
49 silly audit   'language-tags': [ '1.0.9' ],
49 silly audit   'launch-editor': [ '2.6.1' ],
49 silly audit   leven: [ '3.1.0' ],
49 silly audit   levn: [ '0.4.1', '0.3.0' ],
49 silly audit   lilconfig: [ '2.1.0', '3.0.0' ],
49 silly audit   'lines-and-columns': [ '1.2.4' ],
49 silly audit   'loader-runner': [ '4.3.0' ],
49 silly audit   lodash: [ '4.17.21' ],
49 silly audit   'lodash.debounce': [ '4.0.8' ],
49 silly audit   'lodash.memoize': [ '4.1.2' ],
49 silly audit   'lodash.merge': [ '4.6.2' ],
49 silly audit   'lodash.sortby': [ '4.7.0' ],
49 silly audit   'lodash.truncate': [ '4.4.2' ],
49 silly audit   'lodash.uniq': [ '4.5.0' ],
49 silly audit   'loose-envify': [ '1.4.0' ],
49 silly audit   'lower-case': [ '2.0.2' ],
49 silly audit   'magic-string': [ '0.25.9' ],
49 silly audit   makeerror: [ '1.0.12' ],
49 silly audit   'media-typer': [ '0.3.0' ],
49 silly audit   memfs: [ '3.6.0' ],
49 silly audit   'merge-descriptors': [ '1.0.1' ],
49 silly audit   'merge-stream': [ '2.0.0' ],
49 silly audit   merge2: [ '1.4.1' ],
49 silly audit   methods: [ '1.1.2' ],
49 silly audit   micromatch: [ '4.0.5' ],
49 silly audit   mime: [ '1.6.0' ],
49 silly audit   'mime-db': [ '1.52.0' ],
49 silly audit   'mime-types': [ '2.1.35' ],
49 silly audit   'mimic-fn': [ '2.1.0' ],
49 silly audit   'mini-css-extract-plugin': [ '2.7.6' ],
49 silly audit   'minimalistic-assert': [ '1.0.1' ],
49 silly audit   minimist: [ '1.2.8' ],
49 silly audit   mkdirp: [ '0.5.6' ],
49 silly audit   'multicast-dns': [ '7.2.5' ],
49 silly audit   mz: [ '2.7.0' ],
49 silly audit   nanoid: [ '3.3.7' ],
49 silly audit   'natural-compare': [ '1.4.0' ],
49 silly audit   'natural-compare-lite': [ '1.4.0' ],
49 silly audit   negotiator: [ '0.6.3' ],
49 silly audit   'neo-async': [ '2.6.2' ],
49 silly audit   'no-case': [ '3.0.4' ],
49 silly audit   'node-forge': [ '1.3.1' ],
49 silly audit   'node-int64': [ '0.4.0' ],
49 silly audit   'node-releases': [ '2.0.13' ],
49 silly audit   'normalize-path': [ '3.0.0' ],
49 silly audit   'normalize-range': [ '0.1.2' ],
49 silly audit   'normalize-url': [ '6.1.0' ],
49 silly audit   'npm-run-path': [ '4.0.1' ],
49 silly audit   'nth-check': [ '2.1.1', '1.0.2' ],
49 silly audit   nwsapi: [ '2.2.7' ],
49 silly audit   'object-assign': [ '4.1.1' ],
49 silly audit   'object-hash': [ '3.0.0' ],
49 silly audit   'object-inspect': [ '1.13.1' ],
49 silly audit   'object-keys': [ '1.1.1' ],
49 silly audit   'object.assign': [ '4.1.4' ],
49 silly audit   'object.entries': [ '1.1.7' ],
49 silly audit   'object.fromentries': [ '2.0.7' ],
49 silly audit   'object.getownpropertydescriptors': [ '2.1.7' ],
49 silly audit   'object.groupby': [ '1.0.1' ],
49 silly audit   'object.hasown': [ '1.1.3' ],
49 silly audit   'object.values': [ '1.1.7' ],
49 silly audit   obuf: [ '1.1.2' ],
49 silly audit   'on-finished': [ '2.4.1' ],
49 silly audit   'on-headers': [ '1.0.2' ],
49 silly audit   once: [ '1.4.0' ],
49 silly audit   onetime: [ '5.1.2' ],
49 silly audit   open: [ '8.4.2' ],
49 silly audit   optionator: [ '0.9.3', '0.8.3' ],
49 silly audit   'p-retry': [ '4.6.2' ],
49 silly audit   'p-try': [ '2.2.0' ],
49 silly audit   'param-case': [ '3.0.4' ],
49 silly audit   'parent-module': [ '1.0.1' ],
49 silly audit   'parse-json': [ '5.2.0' ],
49 silly audit   parse5: [ '6.0.1' ],
49 silly audit   parseurl: [ '1.3.3' ],
49 silly audit   'pascal-case': [ '3.1.2' ],
49 silly audit   'path-exists': [ '4.0.0', '3.0.0' ],
49 silly audit   'path-is-absolute': [ '1.0.1' ],
49 silly audit   'path-key': [ '3.1.1' ],
49 silly audit   'path-parse': [ '1.0.7' ],
49 silly audit   'path-to-regexp': [ '0.1.7' ],
49 silly audit   'path-type': [ '4.0.0' ],
49 silly audit   'performance-now': [ '2.1.0' ],
49 silly audit   picocolors: [ '1.0.0', '0.2.1' ],
49 silly audit   picomatch: [ '2.3.1' ],
49 silly audit   pify: [ '2.3.0' ],
49 silly audit   pirates: [ '4.0.6' ],
49 silly audit   'pkg-dir': [ '4.2.0' ],
49 silly audit   'pkg-up': [ '3.1.0' ],
49 silly audit   pocketbase: [ '0.21.1' ],
49 silly audit   postcss: [ '8.4.31', '7.0.39' ],
49 silly audit   'postcss-attribute-case-insensitive': [ '5.0.2' ],
49 silly audit   'postcss-browser-comments': [ '4.0.0' ],
49 silly audit   'postcss-calc': [ '8.2.4' ],
49 silly audit   'postcss-clamp': [ '4.1.0' ],
49 silly audit   'postcss-color-functional-notation': [ '4.2.4' ],
49 silly audit   'postcss-color-hex-alpha': [ '8.0.4' ],
49 silly audit   'postcss-color-rebeccapurple': [ '7.1.1' ],
49 silly audit   'postcss-colormin': [ '5.3.1' ],
49 silly audit   'postcss-convert-values': [ '5.1.3' ],
49 silly audit   'postcss-custom-media': [ '8.0.2' ],
49 silly audit   'postcss-custom-properties': [ '12.1.11' ],
49 silly audit   'postcss-custom-selectors': [ '6.0.3' ],
49 silly audit   'postcss-dir-pseudo-class': [ '6.0.5' ],
49 silly audit   'postcss-discard-comments': [ '5.1.2' ],
49 silly audit   'postcss-discard-duplicates': [ '5.1.0' ],
49 silly audit   'postcss-discard-empty': [ '5.1.1' ],
49 silly audit   'postcss-discard-overridden': [ '5.1.0' ],
49 silly audit   'postcss-double-position-gradients': [ '3.1.2' ],
49 silly audit   'postcss-env-function': [ '4.0.6' ],
49 silly audit   'postcss-flexbugs-fixes': [ '5.0.2' ],
49 silly audit   'postcss-focus-visible': [ '6.0.4' ],
49 silly audit   'postcss-focus-within': [ '5.0.4' ],
49 silly audit   'postcss-font-variant': [ '5.0.0' ],
49 silly audit   'postcss-gap-properties': [ '3.0.5' ],
49 silly audit   'postcss-image-set-function': [ '4.0.7' ],
49 silly audit   'postcss-import': [ '15.1.0' ],
49 silly audit   'postcss-initial': [ '4.0.1' ],
49 silly audit   'postcss-js': [ '4.0.1' ],
49 silly audit   'postcss-lab-function': [ '4.2.1' ],
49 silly audit   'postcss-load-config': [ '4.0.2' ],
49 silly audit   yaml: [ '2.3.4', '1.10.2' ],
49 silly audit   'postcss-loader': [ '6.2.1' ],
49 silly audit   'postcss-logical': [ '5.0.4' ],
49 silly audit   'postcss-media-minmax': [ '5.0.0' ],
49 silly audit   'postcss-merge-longhand': [ '5.1.7' ],
49 silly audit   'postcss-merge-rules': [ '5.1.4' ],
49 silly audit   'postcss-minify-font-values': [ '5.1.0' ],
49 silly audit   'postcss-minify-gradients': [ '5.1.1' ],
49 silly audit   'postcss-minify-params': [ '5.1.4' ],
49 silly audit   'postcss-minify-selectors': [ '5.2.1' ],
49 silly audit   'postcss-modules-extract-imports': [ '3.0.0' ],
49 silly audit   'postcss-modules-local-by-default': [ '4.0.3' ],
49 silly audit   'postcss-modules-scope': [ '3.0.0' ],
49 silly audit   'postcss-modules-values': [ '4.0.0' ],
49 silly audit   'postcss-nested': [ '6.0.1' ],
49 silly audit   'postcss-nesting': [ '10.2.0' ],
49 silly audit   'postcss-normalize': [ '10.0.1' ],
49 silly audit   'postcss-normalize-charset': [ '5.1.0' ],
49 silly audit   'postcss-normalize-display-values': [ '5.1.0' ],
49 silly audit   'postcss-normalize-positions': [ '5.1.1' ],
49 silly audit   'postcss-normalize-repeat-style': [ '5.1.1' ],
49 silly audit   'postcss-normalize-string': [ '5.1.0' ],
49 silly audit   'postcss-normalize-timing-functions': [ '5.1.0' ],
49 silly audit   'postcss-normalize-unicode': [ '5.1.1' ],
49 silly audit   'postcss-normalize-url': [ '5.1.0' ],
49 silly audit   'postcss-normalize-whitespace': [ '5.1.1' ],
49 silly audit   'postcss-opacity-percentage': [ '1.1.3' ],
49 silly audit   'postcss-ordered-values': [ '5.1.3' ],
49 silly audit   'postcss-overflow-shorthand': [ '3.0.4' ],
49 silly audit   'postcss-page-break': [ '3.0.4' ],
49 silly audit   'postcss-place': [ '7.0.5' ],
49 silly audit   'postcss-preset-env': [ '7.8.3' ],
49 silly audit   'postcss-pseudo-class-any-link': [ '7.1.6' ],
49 silly audit   'postcss-reduce-initial': [ '5.1.2' ],
49 silly audit   'postcss-reduce-transforms': [ '5.1.0' ],
49 silly audit   'postcss-replace-overflow-wrap': [ '4.0.0' ],
49 silly audit   'postcss-selector-not': [ '6.0.1' ],
49 silly audit   'postcss-selector-parser': [ '6.0.13' ],
49 silly audit   'postcss-svgo': [ '5.1.0' ],
49 silly audit   svgo: [ '2.8.0', '1.3.2' ],
49 silly audit   'postcss-unique-selectors': [ '5.1.1' ],
49 silly audit   'postcss-value-parser': [ '4.2.0' ],
49 silly audit   preact: [ '10.12.1' ],
49 silly audit   'prelude-ls': [ '1.2.1', '1.1.2' ],
49 silly audit   'pretty-bytes': [ '5.6.0' ],
49 silly audit   'pretty-error': [ '4.0.0' ],
49 silly audit   'process-nextick-args': [ '2.0.1' ],
49 silly audit   progress: [ '2.0.3' ],
49 silly audit   promise: [ '8.3.0' ],
49 silly audit   prompts: [ '2.4.2' ],
49 silly audit   'prop-types': [ '15.8.1' ],
49 silly audit   'proxy-addr': [ '2.0.7' ],
49 silly audit   psl: [ '1.9.0' ],
49 silly audit   punycode: [ '2.3.1' ],
49 silly audit   q: [ '1.5.1' ],
49 silly audit   qs: [ '6.11.0' ],
49 silly audit   querystringify: [ '2.2.0' ],
49 silly audit   'queue-microtask': [ '1.2.3' ],
49 silly audit   raf: [ '3.4.1' ],
49 silly audit   randombytes: [ '2.1.0' ],
49 silly audit   'range-parser': [ '1.2.1' ],
49 silly audit   'raw-body': [ '2.5.1' ],
49 silly audit   'react-app-polyfill': [ '3.0.0' ],
49 silly audit   'react-calendar': [ '4.8.0' ],
49 silly audit   'react-dev-utils': [ '12.0.1' ],
49 silly audit   'react-dom': [ '18.2.0' ],
49 silly audit   'react-error-overlay': [ '6.0.11' ],
49 silly audit   'react-refresh': [ '0.11.0' ],
49 silly audit   'react-router': [ '6.22.0' ],
49 silly audit   'react-router-dom': [ '6.22.0' ],
49 silly audit   'react-scripts': [ '5.0.1' ],
49 silly audit   'eslint-config-react-app': [ '7.0.1' ],
49 silly audit   'eslint-plugin-flowtype': [ '8.0.3' ],
49 silly audit   'react-transition-group': [ '4.4.5' ],
49 silly audit   'read-cache': [ '1.0.0' ],
49 silly audit   readdirp: [ '3.6.0' ],
49 silly audit   rechoir: [ '0.8.0' ],
49 silly audit   'recursive-readdir': [ '2.2.3' ],
49 silly audit   'reflect.getprototypeof': [ '1.0.4' ],
49 silly audit   regenerate: [ '1.4.2' ],
49 silly audit   'regenerate-unicode-properties': [ '10.1.1' ],
49 silly audit   'regenerator-transform': [ '0.15.2' ],
49 silly audit   'regex-parser': [ '2.2.11' ],
49 silly audit   'regexp.prototype.flags': [ '1.5.1' ],
49 silly audit   regexpp: [ '3.2.0' ],
49 silly audit   'regexpu-core': [ '5.3.2' ],
49 silly audit   regjsparser: [ '0.9.1' ],
49 silly audit   relateurl: [ '0.2.7' ],
49 silly audit   renderkid: [ '3.0.0' ],
49 silly audit   'require-directory': [ '2.1.1' ],
49 silly audit   'require-from-string': [ '2.0.2' ],
49 silly audit   'requires-port': [ '1.0.0' ],
49 silly audit   'resolve-cwd': [ '3.0.0' ],
49 silly audit   'resolve-url-loader': [ '4.0.0' ],
49 silly audit   'resolve.exports': [ '1.1.1' ],
49 silly audit   retry: [ '0.13.1' ],
49 silly audit   reusify: [ '1.0.4' ],
49 silly audit   rimraf: [ '3.0.2' ],
49 silly audit   rollup: [ '2.79.1' ],
49 silly audit   'rollup-plugin-terser': [ '7.0.2' ],
49 silly audit   'serialize-javascript': [ '4.0.0', '6.0.1' ],
49 silly audit   'run-parallel': [ '1.2.0' ],
49 silly audit   'safe-array-concat': [ '1.0.1' ],
49 silly audit   'safe-regex-test': [ '1.0.0' ],
49 silly audit   'safer-buffer': [ '2.1.2' ],
49 silly audit   'sanitize.css': [ '13.0.0' ],
49 silly audit   'sass-loader': [ '12.6.0' ],
49 silly audit   sax: [ '1.2.4' ],
49 silly audit   saxes: [ '5.0.1' ],
49 silly audit   scheduler: [ '0.23.0' ],
49 silly audit   'select-hose': [ '2.0.0' ],
49 silly audit   selfsigned: [ '2.4.1' ],
49 silly audit   send: [ '0.18.0' ],
49 silly audit   'serve-index': [ '1.9.1' ],
49 silly audit   setprototypeof: [ '1.1.0', '1.2.0' ],
49 silly audit   statuses: [ '1.5.0', '2.0.1' ],
49 silly audit   'serve-static': [ '1.15.0' ],
49 silly audit   'set-function-length': [ '1.1.1' ],
49 silly audit   'set-function-name': [ '2.0.1' ],
49 silly audit   'shallow-clone': [ '3.0.1' ],
49 silly audit   'shebang-command': [ '2.0.0' ],
49 silly audit   'shebang-regex': [ '3.0.0' ],
49 silly audit   'shell-quote': [ '1.8.1' ],
49 silly audit   'side-channel': [ '1.0.4' ],
49 silly audit   'signal-exit': [ '3.0.7' ],
49 silly audit   sisteransi: [ '1.0.5' ],
49 silly audit   'slice-ansi': [ '4.0.0' ],
49 silly audit   sockjs: [ '0.3.24' ],
49 silly audit   'source-list-map': [ '2.0.1' ],
49 silly audit   'source-map-js': [ '1.0.2' ],
49 silly audit   'source-map-loader': [ '3.0.2' ],
49 silly audit   'source-map-support': [ '0.5.21' ],
49 silly audit   'sourcemap-codec': [ '1.4.8' ],
49 silly audit   spdy: [ '4.0.2' ],
49 silly audit   'spdy-transport': [ '3.0.0' ],
49 silly audit   'sprintf-js': [ '1.0.3' ],
49 silly audit   stable: [ '0.1.8' ],
49 silly audit   'stack-utils': [ '2.0.6' ],
49 silly audit   stackframe: [ '1.3.4' ],
49 silly audit   'static-eval': [ '2.0.2' ],
49 silly audit   'type-check': [ '0.3.2', '0.4.0' ],
49 silly audit   'string-natural-compare': [ '3.0.1' ],
49 silly audit   'string-width': [ '4.2.3' ],
49 silly audit   'string.prototype.matchall': [ '4.0.10' ],
49 silly audit   'string.prototype.trim': [ '1.2.8' ],
49 silly audit   'string.prototype.trimend': [ '1.0.7' ],
49 silly audit   'string.prototype.trimstart': [ '1.0.7' ],
49 silly audit   'stringify-object': [ '3.3.0' ],
49 silly audit   'strip-bom': [ '4.0.0', '3.0.0' ],
49 silly audit   'strip-comments': [ '2.0.1' ],
49 silly audit   'strip-final-newline': [ '2.0.0' ],
49 silly audit   'strip-json-comments': [ '3.1.1' ],
49 silly audit   'style-loader': [ '3.3.3' ],
49 silly audit   stylehacks: [ '5.1.1' ],
49 silly audit   stylis: [ '4.2.0' ],
49 silly audit   sucrase: [ '3.34.0' ],
49 silly audit   'supports-hyperlinks': [ '2.3.0' ],
49 silly audit   'supports-preserve-symlinks-flag': [ '1.0.0' ],
49 silly audit   'svg-parser': [ '2.0.4' ],
49 silly audit   'symbol-tree': [ '3.2.4' ],
49 silly audit   table: [ '6.8.1' ],
49 silly audit   tailwindcss: [ '3.3.5' ],
49 silly audit   'temp-dir': [ '2.0.0' ],
49 silly audit   tempy: [ '0.6.0' ],
49 silly audit   'terminal-link': [ '2.1.1' ],
49 silly audit   terser: [ '5.24.0' ],
49 silly audit   'terser-webpack-plugin': [ '5.3.9' ],
49 silly audit   'test-exclude': [ '6.0.0' ],
49 silly audit   'text-table': [ '0.2.0' ],
49 silly audit   thenify: [ '3.3.1' ],
49 silly audit   'thenify-all': [ '1.6.0' ],
49 silly audit   throat: [ '6.0.2' ],
49 silly audit   thunky: [ '1.1.0' ],
49 silly audit   tmpl: [ '1.0.5' ],
49 silly audit   'to-fast-properties': [ '2.0.0' ],
49 silly audit   'to-regex-range': [ '5.0.1' ],
49 silly audit   toidentifier: [ '1.0.1' ],
49 silly audit   'tough-cookie': [ '4.1.3' ],
49 silly audit   universalify: [ '0.2.0', '2.0.1' ],
49 silly audit   tr46: [ '2.1.0', '1.0.1' ],
49 silly audit   tryer: [ '1.0.1' ],
49 silly audit   'ts-interface-checker': [ '0.1.13' ],
49 silly audit   'tsconfig-paths': [ '3.14.2' ],
49 silly audit   tslib: [ '2.6.2', '1.14.1' ],
49 silly audit   tsutils: [ '3.21.0' ],
49 silly audit   'type-detect': [ '4.0.8' ],
49 silly audit   'type-is': [ '1.6.18' ],
49 silly audit   'typed-array-buffer': [ '1.0.0' ],
49 silly audit   'typed-array-byte-length': [ '1.0.0' ],
49 silly audit   'typed-array-byte-offset': [ '1.0.0' ],
49 silly audit   'typed-array-length': [ '1.0.4' ],
49 silly audit   'typedarray-to-buffer': [ '3.1.5' ],
49 silly audit   typescript: [ '4.1.3' ],
49 silly audit   'unbox-primitive': [ '1.0.2' ],
49 silly audit   underscore: [ '1.12.1' ],
49 silly audit   'undici-types': [ '5.26.5' ],
49 silly audit   'unicode-canonical-property-names-ecmascript': [ '2.0.0' ],
49 silly audit   'unicode-match-property-ecmascript': [ '2.0.0' ],
49 silly audit   'unicode-match-property-value-ecmascript': [ '2.1.0' ],
49 silly audit   'unicode-property-aliases-ecmascript': [ '2.1.0' ],
49 silly audit   'unique-string': [ '2.0.0' ],
49 silly audit   unpipe: [ '1.0.0' ],
49 silly audit   unquote: [ '1.1.1' ],
49 silly audit   upath: [ '1.2.0' ],
49 silly audit   'update-browserslist-db': [ '1.0.13' ],
49 silly audit   'uri-js': [ '4.4.1' ],
49 silly audit   'url-parse': [ '1.5.10' ],
49 silly audit   'util-deprecate': [ '1.0.2' ],
49 silly audit   'util.promisify': [ '1.0.1' ],
49 silly audit   utila: [ '0.4.0' ],
49 silly audit   'utils-merge': [ '1.0.1' ],
49 silly audit   uuid: [ '8.3.2' ],
49 silly audit   'v8-compile-cache': [ '2.4.0' ],
49 silly audit   'v8-to-istanbul': [ '8.1.1' ],
49 silly audit   vary: [ '1.1.2' ],
49 silly audit   'w3c-hr-time': [ '1.0.2' ],
49 silly audit   'w3c-xmlserializer': [ '2.0.0' ],
49 silly audit   walker: [ '1.0.8' ],
49 silly audit   warning: [ '4.0.3' ],
49 silly audit   watchpack: [ '2.4.0' ],
49 silly audit   wbuf: [ '1.7.3' ],
49 silly audit   webpack: [ '5.89.0' ],
49 silly audit   'webpack-cli': [ '5.1.4' ],
49 silly audit   'webpack-dev-middleware': [ '5.3.3' ],
49 silly audit   'webpack-dev-server': [ '4.15.1' ],
49 silly audit   ws: [ '8.14.2', '7.5.9' ],
49 silly audit   'webpack-manifest-plugin': [ '4.1.1' ],
49 silly audit   'webpack-sources': [ '2.3.1', '3.2.3', '1.4.3' ],
49 silly audit   'webpack-merge': [ '5.10.0' ],
49 silly audit   'acorn-import-assertions': [ '1.9.0' ],
49 silly audit   'websocket-driver': [ '0.7.4' ],
49 silly audit   'websocket-extensions': [ '0.1.4' ],
49 silly audit   'whatwg-encoding': [ '1.0.5' ],
49 silly audit   'whatwg-fetch': [ '3.6.19' ],
49 silly audit   'whatwg-mimetype': [ '2.3.0' ],
49 silly audit   'whatwg-url': [ '8.7.0', '7.1.0' ],
49 silly audit   'which-boxed-primitive': [ '1.0.2' ],
49 silly audit   'which-builtin-type': [ '1.1.3' ],
49 silly audit   'which-collection': [ '1.0.1' ],
49 silly audit   'which-typed-array': [ '1.1.13' ],
49 silly audit   wildcard: [ '2.0.1' ],
49 silly audit   'word-wrap': [ '1.2.5' ],
49 silly audit   'workbox-background-sync': [ '6.6.1' ],
49 silly audit   'workbox-broadcast-update': [ '6.6.1' ],
49 silly audit   'workbox-build': [ '6.6.1' ],
49 silly audit   '@apideck/better-ajv-errors': [ '0.3.6' ],
49 silly audit   'workbox-cacheable-response': [ '6.6.1' ],
49 silly audit   'workbox-core': [ '6.6.1' ],
49 silly audit   'workbox-expiration': [ '6.6.1' ],
49 silly audit   'workbox-google-analytics': [ '6.6.1' ],
49 silly audit   'workbox-navigation-preload': [ '6.6.1' ],
49 silly audit   'workbox-precaching': [ '6.6.1' ],
49 silly audit   'workbox-range-requests': [ '6.6.1' ],
49 silly audit   'workbox-recipes': [ '6.6.1' ],
49 silly audit   'workbox-routing': [ '6.6.1' ],
49 silly audit   'workbox-strategies': [ '6.6.1' ],
49 silly audit   'workbox-streams': [ '6.6.1' ],
49 silly audit   'workbox-sw': [ '6.6.1' ],
49 silly audit   'workbox-webpack-plugin': [ '6.6.1' ],
49 silly audit   'workbox-window': [ '6.6.1' ],
49 silly audit   'wrap-ansi': [ '7.0.0' ],
49 silly audit   wrappy: [ '1.0.2' ],
49 silly audit   'write-file-atomic': [ '3.0.3' ],
49 silly audit   'xml-name-validator': [ '3.0.0' ],
49 silly audit   xmlchars: [ '2.2.0' ],
49 silly audit   y18n: [ '5.0.8' ],
49 silly audit   yargs: [ '16.2.0' ],
49 silly audit   'yargs-parser': [ '20.2.9' ],
49 silly audit   'yocto-queue': [ '0.1.0' ]
49 silly audit }
50 verbose reify failed optional dependency /home/coder/react_app/node_modules/fsevents
51 silly reify mark deleted [ '/home/coder/react_app/node_modules/fsevents' ]
52 timing reifyNode:node_modules/fsevents Completed in 50ms
53 timing reify:unpack Completed in 51ms
54 timing reify:unretire Completed in 0ms
55 timing build:queue Completed in 4ms
56 timing build:deps Completed in 4ms
57 timing build Completed in 4ms
58 timing reify:build Completed in 5ms
59 timing reify:trash Completed in 1ms
60 timing reify:save Completed in 504ms
61 http fetch POST 200 https://registry.npmjs.org/-/npm/v1/security/advisories/bulk 1013ms
62 timing auditReport:getReport Completed in 1048ms
63 silly audit report {
63 silly audit report   'follow-redirects': [
63 silly audit report     {
63 silly audit report       id: 1096353,
63 silly audit report       url: 'https://github.com/advisories/GHSA-jchw-25xp-jwwc',
63 silly audit report       title: 'Follow Redirects improperly handles URLs in the url.parse() function',
63 silly audit report       severity: 'moderate',
63 silly audit report       vulnerable_versions: '<1.15.4',
63 silly audit report       cwe: [Array],
63 silly audit report       cvss: [Object]
63 silly audit report     }
63 silly audit report   ],
63 silly audit report   'nth-check': [
63 silly audit report     {
63 silly audit report       id: 1095141,
63 silly audit report       url: 'https://github.com/advisories/GHSA-rp65-9cf3-cjxr',
63 silly audit report       title: 'Inefficient Regular Expression Complexity in nth-check',
63 silly audit report       severity: 'high',
63 silly audit report       vulnerable_versions: '<2.0.1',
63 silly audit report       cwe: [Array],
63 silly audit report       cvss: [Object]
63 silly audit report     }
63 silly audit report   ],
63 silly audit report   postcss: [
63 silly audit report     {
63 silly audit report       id: 1094544,
63 silly audit report       url: 'https://github.com/advisories/GHSA-7fh5-64p2-3v2j',
63 silly audit report       title: 'PostCSS line return parsing error',
63 silly audit report       severity: 'moderate',
63 silly audit report       vulnerable_versions: '<8.4.31',
63 silly audit report       cwe: [Array],
63 silly audit report       cvss: [Object]
63 silly audit report     }
63 silly audit report   ]
63 silly audit report }
64 timing metavuln:cache:get:security-advisory:follow-redirects:jg0VmBuYg0rFvpkG3wK2nkx/yTpb1zmGLVl2eFwdShSNm11ekkwkWcvLLCcHYAvNL4IcTZ2Yt/Gv7gSI5zO32A== Completed in 21ms
65 timing metavuln:cache:get:security-advisory:nth-check:u9kIbs88jjqPq0zHVBinwei/KZ5GCRRfUp85vuDQlT/Si01qI5XVVQOSRujFCbyFsnHqETob3CApPmYQZ74K2A== Completed in 19ms
66 timing metavuln:cache:get:security-advisory:postcss:ylHlqxOD5gx7vcQurwTZyQHJsodRCM2yV95izcDPSahj+DDa6IEdlDh7BWAlf7fDDEd+NyVQHm50pHmcApHI4w== Completed in 18ms
67 http fetch GET 200 https://registry.npmjs.org/follow-redirects 53ms (cache revalidated)
68 timing metavuln:packument:follow-redirects Completed in 55ms
69 timing metavuln:load:security-advisory:follow-redirects:1096353 Completed in 1ms
70 timing metavuln:calculate:security-advisory:follow-redirects:1096353 Completed in 57ms
71 http fetch GET 200 https://registry.npmjs.org/nth-check 74ms (cache revalidated)
72 timing metavuln:packument:nth-check Completed in 76ms
73 timing metavuln:load:security-advisory:nth-check:1095141 Completed in 0ms
74 timing metavuln:calculate:security-advisory:nth-check:1095141 Completed in 76ms
75 http fetch GET 200 https://registry.npmjs.org/postcss 76ms (cache revalidated)
76 timing metavuln:packument:postcss Completed in 79ms
77 timing metavuln:load:security-advisory:postcss:1094544 Completed in 3ms
78 timing metavuln:calculate:security-advisory:postcss:1094544 Completed in 82ms
79 timing metavuln:cache:get:security-advisory:http-proxy:zyK4C+/ybQcK9N/Z7qdXjkwRqH9gF/atSXTXMRvmqUbBBP/JAohZPYlXpzHN/RqhpSu+1dD6tsfgEEwwOyzfIA== Completed in 3ms
80 http fetch GET 200 https://registry.npmjs.org/http-proxy 29ms (cache revalidated)
81 timing metavuln:packument:http-proxy Completed in 31ms
82 timing metavuln:load:security-advisory:http-proxy:jg0VmBuYg0rFvpkG3wK2nkx/yTpb1zmGLVl2eFwdShSNm11ekkwkWcvLLCcHYAvNL4IcTZ2Yt/Gv7gSI5zO32A== Completed in 0ms
83 timing metavuln:calculate:security-advisory:http-proxy:jg0VmBuYg0rFvpkG3wK2nkx/yTpb1zmGLVl2eFwdShSNm11ekkwkWcvLLCcHYAvNL4IcTZ2Yt/Gv7gSI5zO32A== Completed in 31ms
84 timing metavuln:cache:get:security-advisory:css-select:SLFoDCntvPIX7nfh4g/iCe2/KeoLVy5CIo+Vtscwot4QJeqx55N/LgyavNwRLdiV5D/6y18tMpVEodIgf/9HMA== Completed in 5ms
85 http fetch GET 200 https://registry.npmjs.org/css-select 30ms (cache revalidated)
86 timing metavuln:packument:css-select Completed in 31ms
87 timing metavuln:load:security-advisory:css-select:u9kIbs88jjqPq0zHVBinwei/KZ5GCRRfUp85vuDQlT/Si01qI5XVVQOSRujFCbyFsnHqETob3CApPmYQZ74K2A== Completed in 0ms
88 timing metavuln:calculate:security-advisory:css-select:u9kIbs88jjqPq0zHVBinwei/KZ5GCRRfUp85vuDQlT/Si01qI5XVVQOSRujFCbyFsnHqETob3CApPmYQZ74K2A== Completed in 32ms
89 timing metavuln:cache:get:security-advisory:resolve-url-loader:NMmXK6xVhonFWyuVjVZvtHCgDtIj2Xt/NObjzI+nKFgCMVK0SPWnlUyO5ZfDMa1dK6KZVYB4z5/E6SGUubEZmA== Completed in 2ms
90 http fetch GET 200 https://registry.npmjs.org/resolve-url-loader 25ms (cache revalidated)
91 timing metavuln:packument:resolve-url-loader Completed in 26ms
92 timing metavuln:load:security-advisory:resolve-url-loader:ylHlqxOD5gx7vcQurwTZyQHJsodRCM2yV95izcDPSahj+DDa6IEdlDh7BWAlf7fDDEd+NyVQHm50pHmcApHI4w== Completed in 0ms
93 timing metavuln:calculate:security-advisory:resolve-url-loader:ylHlqxOD5gx7vcQurwTZyQHJsodRCM2yV95izcDPSahj+DDa6IEdlDh7BWAlf7fDDEd+NyVQHm50pHmcApHI4w== Completed in 26ms
94 timing metavuln:cache:get:security-advisory:svgo:XUKKCUuEIfThVsBLy+oF8GyP7lxkVuLkW//+NY5/KIf8QcWHSFuyi5ASrjDctKGKZ6oI4iYXN2mfMc9AZn06XQ== Completed in 2ms
95 http fetch GET 200 https://registry.npmjs.org/svgo 26ms (cache revalidated)
96 timing metavuln:packument:svgo Completed in 28ms
97 timing metavuln:load:security-advisory:svgo:SLFoDCntvPIX7nfh4g/iCe2/KeoLVy5CIo+Vtscwot4QJeqx55N/LgyavNwRLdiV5D/6y18tMpVEodIgf/9HMA== Completed in 0ms
98 timing metavuln:calculate:security-advisory:svgo:SLFoDCntvPIX7nfh4g/iCe2/KeoLVy5CIo+Vtscwot4QJeqx55N/LgyavNwRLdiV5D/6y18tMpVEodIgf/9HMA== Completed in 28ms
99 timing metavuln:cache:get:security-advisory:react-scripts:kKU8uM+qTtInubgYQrn1Pxn81QMWKfkCDfIZjup8wyMg7BSnoJIdXRXTKPG7RjTojqBqBxvALJQnSFxA9BPZoA== Completed in 2ms
100 http fetch GET 200 https://registry.npmjs.org/react-scripts 29ms (cache revalidated)
101 timing metavuln:packument:react-scripts Completed in 35ms
102 timing metavuln:load:security-advisory:react-scripts:NMmXK6xVhonFWyuVjVZvtHCgDtIj2Xt/NObjzI+nKFgCMVK0SPWnlUyO5ZfDMa1dK6KZVYB4z5/E6SGUubEZmA== Completed in 1ms
103 timing metavuln:calculate:security-advisory:react-scripts:NMmXK6xVhonFWyuVjVZvtHCgDtIj2Xt/NObjzI+nKFgCMVK0SPWnlUyO5ZfDMa1dK6KZVYB4z5/E6SGUubEZmA== Completed in 36ms
104 timing metavuln:cache:get:security-advisory:@svgr/plugin-svgo:EsuzSbf7+Y+7kKOmijkK+GD/doYYcoKZ2epSaSjuMjK3D5MenoOfnownHNwRmdBZcaR1NsuBUK35WDllW+AMMw== Completed in 3ms
105 http fetch GET 200 https://registry.npmjs.org/@svgr%2fplugin-svgo 57ms (cache revalidated)
106 timing metavuln:packument:@svgr/plugin-svgo Completed in 59ms
107 timing metavuln:load:security-advisory:@svgr/plugin-svgo:XUKKCUuEIfThVsBLy+oF8GyP7lxkVuLkW//+NY5/KIf8QcWHSFuyi5ASrjDctKGKZ6oI4iYXN2mfMc9AZn06XQ== Completed in 0ms
108 timing metavuln:calculate:security-advisory:@svgr/plugin-svgo:XUKKCUuEIfThVsBLy+oF8GyP7lxkVuLkW//+NY5/KIf8QcWHSFuyi5ASrjDctKGKZ6oI4iYXN2mfMc9AZn06XQ== Completed in 59ms
109 timing metavuln:cache:get:security-advisory:@svgr/webpack:IqnIHrynVlqAtMhtysIZT7fFR47WkNiVdS0bltwMCNwW6AuOVEGK8Ns3UrtOyzCH0k8s8awx0D1vcr5HtSiaPw== Completed in 7ms
110 http fetch GET 200 https://registry.npmjs.org/@svgr%2fwebpack 60ms (cache revalidated)
111 timing metavuln:packument:@svgr/webpack Completed in 62ms
112 timing metavuln:load:security-advisory:@svgr/webpack:EsuzSbf7+Y+7kKOmijkK+GD/doYYcoKZ2epSaSjuMjK3D5MenoOfnownHNwRmdBZcaR1NsuBUK35WDllW+AMMw== Completed in 0ms
113 timing metavuln:calculate:security-advisory:@svgr/webpack:EsuzSbf7+Y+7kKOmijkK+GD/doYYcoKZ2epSaSjuMjK3D5MenoOfnownHNwRmdBZcaR1NsuBUK35WDllW+AMMw== Completed in 62ms
114 timing metavuln:cache:get:security-advisory:react-scripts:Oynm4f28m7wqpHeAVQPAu6HUX0KhswQORZBCdzEDs2/Qk227PWimoI5yjY/d79GoOSw+zJpJ6uMhVBngEzK4zQ== Completed in 2ms
115 timing metavuln:load:security-advisory:react-scripts:IqnIHrynVlqAtMhtysIZT7fFR47WkNiVdS0bltwMCNwW6AuOVEGK8Ns3UrtOyzCH0k8s8awx0D1vcr5HtSiaPw== Completed in 1ms
116 timing metavuln:calculate:security-advisory:react-scripts:IqnIHrynVlqAtMhtysIZT7fFR47WkNiVdS0bltwMCNwW6AuOVEGK8Ns3UrtOyzCH0k8s8awx0D1vcr5HtSiaPw== Completed in 3ms
117 timing auditReport:init Completed in 387ms
118 timing reify:audit Completed in 1437ms
119 timing reify Completed in 4244ms
120 silly ADD
121 timing command:install Completed in 4274ms
122 verbose exit 0
123 timing npm Completed in 4339ms
124 info ok
