0 verbose cli /usr/bin/node /usr/bin/npm
1 info using npm@9.2.0
2 info using node@v18.19.0
3 timing npm:load:whichnode Completed in 1ms
4 timing config:load:defaults Completed in 4ms
5 timing config:load:file:/usr/share/nodejs/npm/npmrc Completed in 18ms
6 timing config:load:builtin Completed in 18ms
7 timing config:load:cli Completed in 2ms
8 timing config:load:env Completed in 1ms
9 timing config:load:file:/home/coder/react_app/.npmrc Completed in 0ms
10 timing config:load:project Completed in 3ms
11 timing config:load:file:/root/.npmrc Completed in 1ms
12 timing config:load:user Completed in 2ms
13 timing config:load:file:/etc/npmrc Completed in 0ms
14 timing config:load:global Completed in 0ms
15 timing config:load:setEnvs Completed in 2ms
16 timing config:load Completed in 33ms
17 timing npm:load:configload Completed in 33ms
18 timing npm:load:mkdirpcache Completed in 0ms
19 timing npm:load:mkdirplogs Completed in 1ms
20 verbose title npm config get prefix
21 verbose argv "config" "get" "prefix"
22 timing npm:load:setTitle Completed in 3ms
23 timing config:load:flatten Completed in 7ms
24 timing npm:load:display Completed in 8ms
25 verbose logfile logs-max:10 dir:/home/coder/.npm-cache/_logs/2024-02-20T21_48_03_645Z-
26 verbose logfile /home/coder/.npm-cache/_logs/2024-02-20T21_48_03_645Z-debug-0.log
27 timing npm:load:logFile Completed in 13ms
28 timing npm:load:timers Completed in 0ms
29 timing npm:load:configScope Completed in 0ms
30 timing npm:load Completed in 59ms
31 silly logfile start cleaning logs, removing 1 files
32 timing config:load:flatten Completed in 1ms
33 timing command:config Completed in 5ms
34 verbose exit 0
35 timing npm Completed in 82ms
36 info ok
