0 verbose cli /usr/bin/node /usr/bin/npm
1 info using npm@9.2.0
2 info using node@v18.19.0
3 timing npm:load:whichnode Completed in 0ms
4 timing config:load:defaults Completed in 4ms
5 timing config:load:file:/usr/share/nodejs/npm/npmrc Completed in 4ms
6 timing config:load:builtin Completed in 5ms
7 timing config:load:cli Completed in 1ms
8 timing config:load:env Completed in 1ms
9 timing config:load:file:/home/coder/next_app/.npmrc Completed in 0ms
10 timing config:load:project Completed in 2ms
11 timing config:load:file:/root/.npmrc Completed in 1ms
12 timing config:load:user Completed in 1ms
13 timing config:load:file:/etc/npmrc Completed in 0ms
14 timing config:load:global Completed in 0ms
15 timing config:load:setEnvs Completed in 2ms
16 timing config:load Completed in 17ms
17 timing npm:load:configload Completed in 17ms
18 timing npm:load:mkdirpcache Completed in 0ms
19 timing npm:load:mkdirplogs Completed in 0ms
20 verbose title npm install
21 verbose argv "install"
22 timing npm:load:setTitle Completed in 2ms
23 timing config:load:flatten Completed in 7ms
24 timing npm:load:display Completed in 8ms
25 verbose logfile logs-max:10 dir:/home/coder/.npm-cache/_logs/2024-02-20T21_47_47_622Z-
26 verbose logfile /home/coder/.npm-cache/_logs/2024-02-20T21_47_47_622Z-debug-0.log
27 timing npm:load:logFile Completed in 8ms
28 timing npm:load:timers Completed in 0ms
29 timing npm:load:configScope Completed in 1ms
30 timing npm:load Completed in 39ms
31 silly logfile start cleaning logs, removing 1 files
32 timing config:load:flatten Completed in 1ms
33 timing arborist:ctor Completed in 1ms
34 silly logfile done cleaning log files
35 timing idealTree:init Completed in 341ms
36 timing idealTree:userRequests Completed in 0ms
37 silly idealTree buildDeps
38 timing idealTree:#root Completed in 1ms
39 timing idealTree:buildDeps Completed in 2ms
40 timing idealTree:fixDepFlags Completed in 1ms
41 timing idealTree Completed in 356ms
42 timing arborist:ctor Completed in 1ms
43 timing reify:loadTrees Completed in 566ms
44 timing reify:diffTrees Completed in 15ms
45 silly reify moves {}
46 timing reify:retireShallow Completed in 1ms
47 timing reify:createSparse Completed in 2ms
48 timing reify:loadBundles Completed in 0ms
49 silly audit bulk request {
49 silly audit   '@aashutoshrathi/word-wrap': [ '1.2.6' ],
49 silly audit   '@alloc/quick-lru': [ '5.2.0' ],
49 silly audit   '@babel/runtime': [ '7.23.9' ],
49 silly audit   '@eslint-community/eslint-utils': [ '4.4.0' ],
49 silly audit   '@eslint-community/regexpp': [ '4.10.0' ],
49 silly audit   '@eslint/eslintrc': [ '2.1.4' ],
49 silly audit   '@eslint/js': [ '8.56.0' ],
49 silly audit   '@humanwhocodes/config-array': [ '0.11.14' ],
49 silly audit   '@humanwhocodes/module-importer': [ '1.0.1' ],
49 silly audit   '@humanwhocodes/object-schema': [ '2.0.2' ],
49 silly audit   '@isaacs/cliui': [ '8.0.2' ],
49 silly audit   'ansi-regex': [ '6.0.1', '5.0.1' ],
49 silly audit   'strip-ansi': [ '7.1.0', '6.0.1' ],
49 silly audit   '@jridgewell/gen-mapping': [ '0.3.3' ],
49 silly audit   '@jridgewell/resolve-uri': [ '3.1.2' ],
49 silly audit   '@jridgewell/set-array': [ '1.1.2' ],
49 silly audit   '@jridgewell/sourcemap-codec': [ '1.4.15' ],
49 silly audit   '@jridgewell/trace-mapping': [ '0.3.22' ],
49 silly audit   '@next/env': [ '14.1.0' ],
49 silly audit   '@next/eslint-plugin-next': [ '14.1.0' ],
49 silly audit   '@next/swc-darwin-arm64': [ '14.1.0' ],
49 silly audit   '@next/swc-darwin-x64': [ '14.1.0' ],
49 silly audit   '@next/swc-linux-arm64-gnu': [ '14.1.0' ],
49 silly audit   '@next/swc-linux-arm64-musl': [ '14.1.0' ],
49 silly audit   '@next/swc-linux-x64-gnu': [ '14.1.0' ],
49 silly audit   '@next/swc-linux-x64-musl': [ '14.1.0' ],
49 silly audit   '@next/swc-win32-arm64-msvc': [ '14.1.0' ],
49 silly audit   '@next/swc-win32-ia32-msvc': [ '14.1.0' ],
49 silly audit   '@next/swc-win32-x64-msvc': [ '14.1.0' ],
49 silly audit   '@nodelib/fs.scandir': [ '2.1.5' ],
49 silly audit   '@nodelib/fs.stat': [ '2.0.5' ],
49 silly audit   '@nodelib/fs.walk': [ '1.2.8' ],
49 silly audit   '@pkgjs/parseargs': [ '0.11.0' ],
49 silly audit   '@rushstack/eslint-patch': [ '1.7.2' ],
49 silly audit   '@swc/helpers': [ '0.5.2' ],
49 silly audit   '@types/json5': [ '0.0.29' ],
49 silly audit   '@typescript-eslint/parser': [ '6.21.0' ],
49 silly audit   '@typescript-eslint/scope-manager': [ '6.21.0' ],
49 silly audit   '@typescript-eslint/types': [ '6.21.0' ],
49 silly audit   '@typescript-eslint/typescript-estree': [ '6.21.0' ],
49 silly audit   'brace-expansion': [ '2.0.1', '1.1.11' ],
49 silly audit   minimatch: [ '9.0.3', '3.1.2' ],
49 silly audit   '@typescript-eslint/visitor-keys': [ '6.21.0' ],
49 silly audit   '@ungap/structured-clone': [ '1.2.0' ],
49 silly audit   acorn: [ '8.11.3' ],
49 silly audit   'acorn-jsx': [ '5.3.2' ],
49 silly audit   ajv: [ '6.12.6' ],
49 silly audit   'ansi-styles': [ '4.3.0', '6.2.1' ],
49 silly audit   'any-promise': [ '1.3.0' ],
49 silly audit   anymatch: [ '3.1.3' ],
49 silly audit   arg: [ '5.0.2' ],
49 silly audit   argparse: [ '2.0.1' ],
49 silly audit   'aria-query': [ '5.3.0' ],
49 silly audit   'array-buffer-byte-length': [ '1.0.1' ],
49 silly audit   'array-includes': [ '3.1.7' ],
49 silly audit   'array-union': [ '2.1.0' ],
49 silly audit   'array.prototype.filter': [ '1.0.3' ],
49 silly audit   'array.prototype.findlastindex': [ '1.2.4' ],
49 silly audit   'array.prototype.flat': [ '1.3.2' ],
49 silly audit   'array.prototype.flatmap': [ '1.3.2' ],
49 silly audit   'array.prototype.tosorted': [ '1.1.3' ],
49 silly audit   'arraybuffer.prototype.slice': [ '1.0.3' ],
49 silly audit   'ast-types-flow': [ '0.0.8' ],
49 silly audit   'asynciterator.prototype': [ '1.0.0' ],
49 silly audit   autoprefixer: [ '10.4.17' ],
49 silly audit   'available-typed-arrays': [ '1.0.7' ],
49 silly audit   'axe-core': [ '4.7.0' ],
49 silly audit   'axobject-query': [ '3.2.1' ],
49 silly audit   'balanced-match': [ '1.0.2' ],
49 silly audit   'binary-extensions': [ '2.2.0' ],
49 silly audit   braces: [ '3.0.2' ],
49 silly audit   browserslist: [ '4.23.0' ],
49 silly audit   busboy: [ '1.6.0' ],
49 silly audit   'call-bind': [ '1.0.7' ],
49 silly audit   callsites: [ '3.1.0' ],
49 silly audit   'camelcase-css': [ '2.0.1' ],
49 silly audit   'caniuse-lite': [ '1.0.30001588' ],
49 silly audit   chalk: [ '4.1.2' ],
49 silly audit   chokidar: [ '3.6.0' ],
49 silly audit   'glob-parent': [ '5.1.2', '6.0.2' ],
49 silly audit   'client-only': [ '0.0.1' ],
49 silly audit   'color-convert': [ '2.0.1' ],
49 silly audit   'color-name': [ '1.1.4' ],
49 silly audit   commander: [ '4.1.1' ],
49 silly audit   'concat-map': [ '0.0.1' ],
49 silly audit   'cross-spawn': [ '7.0.3' ],
49 silly audit   cssesc: [ '3.0.0' ],
49 silly audit   'damerau-levenshtein': [ '1.0.8' ],
49 silly audit   debug: [ '4.3.4', '3.2.7' ],
49 silly audit   'deep-is': [ '0.1.4' ],
49 silly audit   'define-data-property': [ '1.1.4' ],
49 silly audit   'define-properties': [ '1.2.1' ],
49 silly audit   dequal: [ '2.0.3' ],
49 silly audit   didyoumean: [ '1.2.2' ],
49 silly audit   'dir-glob': [ '3.0.1' ],
49 silly audit   dlv: [ '1.1.3' ],
49 silly audit   doctrine: [ '3.0.0', '2.1.0' ],
49 silly audit   eastasianwidth: [ '0.2.0' ],
49 silly audit   'electron-to-chromium': [ '1.4.676' ],
49 silly audit   'emoji-regex': [ '9.2.2', '8.0.0' ],
49 silly audit   'enhanced-resolve': [ '5.15.0' ],
49 silly audit   'es-abstract': [ '1.22.4' ],
49 silly audit   'es-array-method-boxes-properly': [ '1.0.0' ],
49 silly audit   'es-define-property': [ '1.0.0' ],
49 silly audit   'es-errors': [ '1.3.0' ],
49 silly audit   'es-iterator-helpers': [ '1.0.17' ],
49 silly audit   'es-set-tostringtag': [ '2.0.2' ],
49 silly audit   'es-shim-unscopables': [ '1.0.2' ],
49 silly audit   'es-to-primitive': [ '1.2.1' ],
49 silly audit   escalade: [ '3.1.2' ],
49 silly audit   'escape-string-regexp': [ '4.0.0' ],
49 silly audit   eslint: [ '8.56.0' ],
49 silly audit   'eslint-config-next': [ '14.1.0' ],
49 silly audit   'eslint-import-resolver-node': [ '0.3.9' ],
49 silly audit   'eslint-import-resolver-typescript': [ '3.6.1' ],
49 silly audit   'eslint-module-utils': [ '2.8.0' ],
49 silly audit   'eslint-plugin-import': [ '2.29.1' ],
49 silly audit   semver: [ '6.3.1', '7.6.0' ],
49 silly audit   'eslint-plugin-jsx-a11y': [ '6.8.0' ],
49 silly audit   'eslint-plugin-react': [ '7.33.2' ],
49 silly audit   'eslint-plugin-react-hooks': [ '4.6.0' ],
49 silly audit   resolve: [ '2.0.0-next.5', '1.22.8' ],
49 silly audit   'eslint-scope': [ '7.2.2' ],
49 silly audit   'eslint-visitor-keys': [ '3.4.3' ],
49 silly audit   espree: [ '9.6.1' ],
49 silly audit   esquery: [ '1.5.0' ],
49 silly audit   esrecurse: [ '4.3.0' ],
49 silly audit   estraverse: [ '5.3.0' ],
49 silly audit   esutils: [ '2.0.3' ],
49 silly audit   'fast-deep-equal': [ '3.1.3' ],
49 silly audit   'fast-glob': [ '3.3.2' ],
49 silly audit   'fast-json-stable-stringify': [ '2.1.0' ],
49 silly audit   'fast-levenshtein': [ '2.0.6' ],
49 silly audit   fastq: [ '1.17.1' ],
49 silly audit   'file-entry-cache': [ '6.0.1' ],
49 silly audit   'fill-range': [ '7.0.1' ],
49 silly audit   'find-up': [ '5.0.0' ],
49 silly audit   'flat-cache': [ '3.2.0' ],
49 silly audit   flatted: [ '3.2.9' ],
49 silly audit   'for-each': [ '0.3.3' ],
49 silly audit   'foreground-child': [ '3.1.1' ],
49 silly audit   'fraction.js': [ '4.3.7' ],
49 silly audit   'fs.realpath': [ '1.0.0' ],
49 silly audit   fsevents: [ '2.3.3' ],
49 silly audit   'function-bind': [ '1.1.2' ],
49 silly audit   'function.prototype.name': [ '1.1.6' ],
49 silly audit   'functions-have-names': [ '1.2.3' ],
49 silly audit   'get-intrinsic': [ '1.2.4' ],
49 silly audit   'get-symbol-description': [ '1.0.2' ],
49 silly audit   'get-tsconfig': [ '4.7.2' ],
49 silly audit   glob: [ '10.3.10', '7.2.3' ],
49 silly audit   globals: [ '13.24.0' ],
49 silly audit   globalthis: [ '1.0.3' ],
49 silly audit   globby: [ '11.1.0' ],
49 silly audit   gopd: [ '1.0.1' ],
49 silly audit   'graceful-fs': [ '4.2.11' ],
49 silly audit   graphemer: [ '1.4.0' ],
49 silly audit   'has-bigints': [ '1.0.2' ],
49 silly audit   'has-flag': [ '4.0.0' ],
49 silly audit   'has-property-descriptors': [ '1.0.2' ],
49 silly audit   'has-proto': [ '1.0.3' ],
49 silly audit   'has-symbols': [ '1.0.3' ],
49 silly audit   'has-tostringtag': [ '1.0.2' ],
49 silly audit   hasown: [ '2.0.1' ],
49 silly audit   ignore: [ '5.3.1' ],
49 silly audit   'import-fresh': [ '3.3.0' ],
49 silly audit   imurmurhash: [ '0.1.4' ],
49 silly audit   inflight: [ '1.0.6' ],
49 silly audit   inherits: [ '2.0.4' ],
49 silly audit   'internal-slot': [ '1.0.7' ],
49 silly audit   'is-array-buffer': [ '3.0.4' ],
49 silly audit   'is-async-function': [ '2.0.0' ],
49 silly audit   'is-bigint': [ '1.0.4' ],
49 silly audit   'is-binary-path': [ '2.1.0' ],
49 silly audit   'is-boolean-object': [ '1.1.2' ],
49 silly audit   'is-callable': [ '1.2.7' ],
49 silly audit   'is-core-module': [ '2.13.1' ],
49 silly audit   'is-date-object': [ '1.0.5' ],
49 silly audit   'is-extglob': [ '2.1.1' ],
49 silly audit   'is-finalizationregistry': [ '1.0.2' ],
49 silly audit   'is-fullwidth-code-point': [ '3.0.0' ],
49 silly audit   'is-generator-function': [ '1.0.10' ],
49 silly audit   'is-glob': [ '4.0.3' ],
49 silly audit   'is-map': [ '2.0.2' ],
49 silly audit   'is-negative-zero': [ '2.0.3' ],
49 silly audit   'is-number': [ '7.0.0' ],
49 silly audit   'is-number-object': [ '1.0.7' ],
49 silly audit   'is-path-inside': [ '3.0.3' ],
49 silly audit   'is-regex': [ '1.1.4' ],
49 silly audit   'is-set': [ '2.0.2' ],
49 silly audit   'is-shared-array-buffer': [ '1.0.2' ],
49 silly audit   'is-string': [ '1.0.7' ],
49 silly audit   'is-symbol': [ '1.0.4' ],
49 silly audit   'is-typed-array': [ '1.1.13' ],
49 silly audit   'is-weakmap': [ '2.0.1' ],
49 silly audit   'is-weakref': [ '1.0.2' ],
49 silly audit   'is-weakset': [ '2.0.2' ],
49 silly audit   isarray: [ '2.0.5' ],
49 silly audit   isexe: [ '2.0.0' ],
49 silly audit   'iterator.prototype': [ '1.1.2' ],
49 silly audit   jackspeak: [ '2.3.6' ],
49 silly audit   jiti: [ '1.21.0' ],
49 silly audit   'js-tokens': [ '4.0.0' ],
49 silly audit   'js-yaml': [ '4.1.0' ],
49 silly audit   'json-buffer': [ '3.0.1' ],
49 silly audit   'json-schema-traverse': [ '0.4.1' ],
49 silly audit   'json-stable-stringify-without-jsonify': [ '1.0.1' ],
49 silly audit   json5: [ '1.0.2' ],
49 silly audit   'jsx-ast-utils': [ '3.3.5' ],
49 silly audit   keyv: [ '4.5.4' ],
49 silly audit   'language-subtag-registry': [ '0.3.22' ],
49 silly audit   'language-tags': [ '1.0.9' ],
49 silly audit   levn: [ '0.4.1' ],
49 silly audit   lilconfig: [ '2.1.0', '3.1.1' ],
49 silly audit   'lines-and-columns': [ '1.2.4' ],
49 silly audit   'locate-path': [ '6.0.0' ],
49 silly audit   'lodash.merge': [ '4.6.2' ],
49 silly audit   'loose-envify': [ '1.4.0' ],
49 silly audit   'lru-cache': [ '10.2.0', '6.0.0' ],
49 silly audit   merge2: [ '1.4.1' ],
49 silly audit   micromatch: [ '4.0.5' ],
49 silly audit   minimist: [ '1.2.8' ],
49 silly audit   minipass: [ '7.0.4' ],
49 silly audit   ms: [ '2.1.2' ],
49 silly audit   mz: [ '2.7.0' ],
49 silly audit   nanoid: [ '3.3.7' ],
49 silly audit   'natural-compare': [ '1.4.0' ],
49 silly audit   next: [ '14.1.0' ],
49 silly audit   postcss: [ '8.4.31', '8.4.35' ],
49 silly audit   'node-releases': [ '2.0.14' ],
49 silly audit   'normalize-path': [ '3.0.0' ],
49 silly audit   'normalize-range': [ '0.1.2' ],
49 silly audit   'object-assign': [ '4.1.1' ],
49 silly audit   'object-hash': [ '3.0.0' ],
49 silly audit   'object-inspect': [ '1.13.1' ],
49 silly audit   'object-keys': [ '1.1.1' ],
49 silly audit   'object.assign': [ '4.1.5' ],
49 silly audit   'object.entries': [ '1.1.7' ],
49 silly audit   'object.fromentries': [ '2.0.7' ],
49 silly audit   'object.groupby': [ '1.0.2' ],
49 silly audit   'object.hasown': [ '1.1.3' ],
49 silly audit   'object.values': [ '1.1.7' ],
49 silly audit   once: [ '1.4.0' ],
49 silly audit   optionator: [ '0.9.3' ],
49 silly audit   'p-limit': [ '3.1.0' ],
49 silly audit   'p-locate': [ '5.0.0' ],
49 silly audit   'parent-module': [ '1.0.1' ],
49 silly audit   'path-exists': [ '4.0.0' ],
49 silly audit   'path-is-absolute': [ '1.0.1' ],
49 silly audit   'path-key': [ '3.1.1' ],
49 silly audit   'path-parse': [ '1.0.7' ],
49 silly audit   'path-scurry': [ '1.10.1' ],
49 silly audit   'path-type': [ '4.0.0' ],
49 silly audit   picocolors: [ '1.0.0' ],
49 silly audit   picomatch: [ '2.3.1' ],
49 silly audit   pify: [ '2.3.0' ],
49 silly audit   pirates: [ '4.0.6' ],
49 silly audit   'possible-typed-array-names': [ '1.0.0' ],
49 silly audit   'postcss-import': [ '15.1.0' ],
49 silly audit   'postcss-js': [ '4.0.1' ],
49 silly audit   'postcss-load-config': [ '4.0.2' ],
49 silly audit   'postcss-nested': [ '6.0.1' ],
49 silly audit   'postcss-selector-parser': [ '6.0.15' ],
49 silly audit   'postcss-value-parser': [ '4.2.0' ],
49 silly audit   'prelude-ls': [ '1.2.1' ],
49 silly audit   'prop-types': [ '15.8.1' ],
49 silly audit   punycode: [ '2.3.1' ],
49 silly audit   'queue-microtask': [ '1.2.3' ],
49 silly audit   react: [ '18.2.0' ],
49 silly audit   'react-dom': [ '18.2.0' ],
49 silly audit   'react-is': [ '16.13.1' ],
49 silly audit   'read-cache': [ '1.0.0' ],
49 silly audit   readdirp: [ '3.6.0' ],
49 silly audit   'reflect.getprototypeof': [ '1.0.5' ],
49 silly audit   'regenerator-runtime': [ '0.14.1' ],
49 silly audit   'regexp.prototype.flags': [ '1.5.2' ],
49 silly audit   'resolve-from': [ '4.0.0' ],
49 silly audit   'resolve-pkg-maps': [ '1.0.0' ],
49 silly audit   reusify: [ '1.0.4' ],
49 silly audit   rimraf: [ '3.0.2' ],
49 silly audit   'run-parallel': [ '1.2.0' ],
49 silly audit   'safe-array-concat': [ '1.1.0' ],
49 silly audit   'safe-regex-test': [ '1.0.3' ],
49 silly audit   scheduler: [ '0.23.0' ],
49 silly audit   'set-function-length': [ '1.2.1' ],
49 silly audit   'set-function-name': [ '2.0.2' ],
49 silly audit   'shebang-command': [ '2.0.0' ],
49 silly audit   'shebang-regex': [ '3.0.0' ],
49 silly audit   'side-channel': [ '1.0.5' ],
49 silly audit   'signal-exit': [ '4.1.0' ],
49 silly audit   slash: [ '3.0.0' ],
49 silly audit   'source-map-js': [ '1.0.2' ],
49 silly audit   streamsearch: [ '1.1.0' ],
49 silly audit   'string-width': [ '5.1.2', '4.2.3' ],
49 silly audit   'string.prototype.matchall': [ '4.0.10' ],
49 silly audit   'string.prototype.trim': [ '1.2.8' ],
49 silly audit   'string.prototype.trimend': [ '1.0.7' ],
49 silly audit   'string.prototype.trimstart': [ '1.0.7' ],
49 silly audit   'strip-bom': [ '3.0.0' ],
49 silly audit   'strip-json-comments': [ '3.1.1' ],
49 silly audit   'styled-jsx': [ '5.1.1' ],
49 silly audit   sucrase: [ '3.35.0' ],
49 silly audit   'supports-color': [ '7.2.0' ],
49 silly audit   'supports-preserve-symlinks-flag': [ '1.0.0' ],
49 silly audit   tailwindcss: [ '3.4.1' ],
49 silly audit   tapable: [ '2.2.1' ],
49 silly audit   'text-table': [ '0.2.0' ],
49 silly audit   thenify: [ '3.3.1' ],
49 silly audit   'thenify-all': [ '1.6.0' ],
49 silly audit   'to-regex-range': [ '5.0.1' ],
49 silly audit   'ts-api-utils': [ '1.2.1' ],
49 silly audit   'ts-interface-checker': [ '0.1.13' ],
49 silly audit   'tsconfig-paths': [ '3.15.0' ],
49 silly audit   tslib: [ '2.6.2' ],
49 silly audit   'type-check': [ '0.4.0' ],
49 silly audit   'type-fest': [ '0.20.2' ],
49 silly audit   'typed-array-buffer': [ '1.0.2' ],
49 silly audit   'typed-array-byte-length': [ '1.0.0' ],
49 silly audit   'typed-array-byte-offset': [ '1.0.1' ],
49 silly audit   'typed-array-length': [ '1.0.4' ],
49 silly audit   typescript: [ '5.3.3' ],
49 silly audit   'unbox-primitive': [ '1.0.2' ],
49 silly audit   'update-browserslist-db': [ '1.0.13' ],
49 silly audit   'uri-js': [ '4.4.1' ],
49 silly audit   'util-deprecate': [ '1.0.2' ],
49 silly audit   which: [ '2.0.2' ],
49 silly audit   'which-boxed-primitive': [ '1.0.2' ],
49 silly audit   'which-builtin-type': [ '1.1.3' ],
49 silly audit   'which-collection': [ '1.0.1' ],
49 silly audit   'which-typed-array': [ '1.1.14' ],
49 silly audit   'wrap-ansi': [ '8.1.0', '7.0.0' ],
49 silly audit   wrappy: [ '1.0.2' ],
49 silly audit   yallist: [ '4.0.0' ],
49 silly audit   yaml: [ '2.3.4' ],
49 silly audit   'yocto-queue': [ '0.1.0' ]
49 silly audit }
50 verbose reify failed optional dependency /home/coder/next_app/node_modules/fsevents
51 silly reify mark deleted [ '/home/coder/next_app/node_modules/fsevents' ]
52 verbose reify failed optional dependency /home/coder/next_app/node_modules/@next/swc-win32-x64-msvc
53 silly reify mark deleted [ '/home/coder/next_app/node_modules/@next/swc-win32-x64-msvc' ]
54 verbose reify failed optional dependency /home/coder/next_app/node_modules/@next/swc-win32-ia32-msvc
55 silly reify mark deleted [ '/home/coder/next_app/node_modules/@next/swc-win32-ia32-msvc' ]
56 verbose reify failed optional dependency /home/coder/next_app/node_modules/@next/swc-win32-arm64-msvc
57 silly reify mark deleted [ '/home/coder/next_app/node_modules/@next/swc-win32-arm64-msvc' ]
58 verbose reify failed optional dependency /home/coder/next_app/node_modules/@next/swc-linux-x64-musl
59 silly reify mark deleted [ '/home/coder/next_app/node_modules/@next/swc-linux-x64-musl' ]
60 verbose reify failed optional dependency /home/coder/next_app/node_modules/@next/swc-linux-x64-gnu
61 silly reify mark deleted [ '/home/coder/next_app/node_modules/@next/swc-linux-x64-gnu' ]
62 verbose reify failed optional dependency /home/coder/next_app/node_modules/@next/swc-darwin-x64
63 silly reify mark deleted [ '/home/coder/next_app/node_modules/@next/swc-darwin-x64' ]
64 verbose reify failed optional dependency /home/coder/next_app/node_modules/@next/swc-darwin-arm64
65 silly reify mark deleted [ '/home/coder/next_app/node_modules/@next/swc-darwin-arm64' ]
66 timing reifyNode:node_modules/fsevents Completed in 53ms
67 timing reifyNode:node_modules/@next/swc-win32-x64-msvc Completed in 53ms
68 timing reifyNode:node_modules/@next/swc-win32-ia32-msvc Completed in 53ms
69 timing reifyNode:node_modules/@next/swc-win32-arm64-msvc Completed in 53ms
70 timing reifyNode:node_modules/@next/swc-linux-x64-musl Completed in 53ms
71 timing reifyNode:node_modules/@next/swc-linux-x64-gnu Completed in 53ms
72 timing reifyNode:node_modules/@next/swc-darwin-x64 Completed in 52ms
73 timing reifyNode:node_modules/@next/swc-darwin-arm64 Completed in 52ms
74 timing reify:unpack Completed in 54ms
75 timing reify:unretire Completed in 0ms
76 timing build:queue Completed in 5ms
77 timing build:deps Completed in 5ms
78 timing build Completed in 5ms
79 timing reify:build Completed in 6ms
80 timing reify:trash Completed in 4ms
81 timing reify:save Completed in 82ms
82 http fetch POST 200 https://registry.npmjs.org/-/npm/v1/security/advisories/bulk 345ms
83 timing auditReport:getReport Completed in 358ms
84 silly audit report {}
85 timing auditReport:init Completed in 0ms
86 timing reify:audit Completed in 360ms
87 timing reify Completed in 949ms
88 silly ADD
89 silly ADD
90 silly ADD
91 silly ADD
92 silly ADD
93 silly ADD
94 silly ADD
95 silly ADD
96 timing command:install Completed in 964ms
97 verbose exit 0
98 timing npm Completed in 1030ms
99 info ok
