0 verbose cli /usr/bin/node /usr/bin/npm
1 info using npm@9.2.0
2 info using node@v18.19.0
3 timing npm:load:whichnode Completed in 0ms
4 timing config:load:defaults Completed in 4ms
5 timing config:load:file:/usr/share/nodejs/npm/npmrc Completed in 3ms
6 timing config:load:builtin Completed in 3ms
7 timing config:load:cli Completed in 3ms
8 timing config:load:env Completed in 1ms
9 timing config:load:file:/root/.cache/typescript/5.3/.npmrc Completed in 0ms
10 timing config:load:project Completed in 2ms
11 timing config:load:file:/root/.npmrc Completed in 1ms
12 timing config:load:user Completed in 1ms
13 timing config:load:file:/etc/npmrc Completed in 0ms
14 timing config:load:global Completed in 0ms
15 timing config:load:setEnvs Completed in 2ms
16 timing config:load Completed in 17ms
17 timing npm:load:configload Completed in 17ms
18 timing npm:load:mkdirpcache Completed in 1ms
19 timing npm:load:mkdirplogs Completed in 0ms
20 verbose title npm install @types/react@ts5.3 @types/react-dom@ts5.3 @types/eslint@ts5.3 @types/page@ts5.3
21 verbose argv "install" "--ignore-scripts" "@types/react@ts5.3" "@types/react-dom@ts5.3" "@types/eslint@ts5.3" "@types/page@ts5.3" "--save-dev" "--user-agent" "typesInstaller/5.3.2"
22 timing npm:load:setTitle Completed in 4ms
23 timing config:load:flatten Completed in 6ms
24 timing npm:load:display Completed in 8ms
25 verbose logfile logs-max:10 dir:/home/coder/.npm-cache/_logs/2024-02-20T21_48_06_261Z-
26 verbose logfile /home/coder/.npm-cache/_logs/2024-02-20T21_48_06_261Z-debug-0.log
27 timing npm:load:logFile Completed in 8ms
28 timing npm:load:timers Completed in 0ms
29 timing npm:load:configScope Completed in 0ms
30 timing npm:load Completed in 40ms
31 silly logfile start cleaning logs, removing 1 files
32 timing config:load:flatten Completed in 1ms
33 timing arborist:ctor Completed in 1ms
34 silly logfile done cleaning log files
35 timing idealTree:init Completed in 51ms
36 timing arborist:ctor Completed in 0ms
37 http fetch GET 200 https://registry.npmjs.org/@types%2feslint 165ms (cache revalidated)
38 http fetch GET 200 https://registry.npmjs.org/@types%2freact 173ms (cache revalidated)
39 http fetch GET 200 https://registry.npmjs.org/@types%2fpage 1398ms (cache revalidated)
40 http fetch GET 200 https://registry.npmjs.org/@types%2freact-dom 1448ms (cache revalidated)
41 timing idealTree:userRequests Completed in 1459ms
42 silly idealTree buildDeps
43 silly fetch manifest @types/eslint@8.56.2
44 silly fetch manifest @types/page@1.11.9
45 silly fetch manifest @types/react@18.2.57
46 silly fetch manifest @types/react-dom@18.2.19
47 silly placeDep ROOT @types/eslint@8.56.2 REPLACE for:  want: 8.56.2
48 silly placeDep ROOT @types/page@1.11.9 REPLACE for:  want: 1.11.9
49 silly placeDep ROOT @types/react@18.2.57 REPLACE for:  want: 18.2.57
50 silly placeDep ROOT @types/react-dom@18.2.19 REPLACE for:  want: 18.2.19
51 timing idealTree:#root Completed in 18ms
52 timing idealTree:node_modules/@types/eslint Completed in 0ms
53 timing idealTree:node_modules/@types/page Completed in 0ms
54 timing idealTree:node_modules/@types/react Completed in 0ms
55 timing idealTree:node_modules/@types/react-dom Completed in 0ms
56 timing idealTree:buildDeps Completed in 20ms
57 timing idealTree:fixDepFlags Completed in 1ms
58 timing idealTree Completed in 1534ms
59 timing reify:loadTrees Completed in 1536ms
60 timing reify:diffTrees Completed in 3ms
61 silly reify moves {}
62 timing reify:retireShallow Completed in 2ms
63 timing reify:createSparse Completed in 0ms
64 timing reify:loadBundles Completed in 0ms
65 silly audit bulk request {
65 silly audit   '@types/estree': [ '1.0.5' ],
65 silly audit   '@types/json-schema': [ '7.0.15' ],
65 silly audit   '@types/node': [ '20.11.19' ],
65 silly audit   '@types/prop-types': [ '15.7.11' ],
65 silly audit   '@types/scheduler': [ '0.16.8' ],
65 silly audit   csstype: [ '3.1.3' ],
65 silly audit   'types-registry': [ '0.1.684' ],
65 silly audit   'undici-types': [ '5.26.5' ],
65 silly audit   '@types/eslint': [ '8.56.2' ],
65 silly audit   '@types/page': [ '1.11.9' ],
65 silly audit   '@types/react': [ '18.2.57' ],
65 silly audit   '@types/react-dom': [ '18.2.19' ]
65 silly audit }
66 timing reify:unpack Completed in 0ms
67 timing reify:unretire Completed in 0ms
68 timing build:queue Completed in 0ms
69 timing build:deps Completed in 0ms
70 timing build Completed in 1ms
71 timing reify:build Completed in 1ms
72 timing reify:trash Completed in 0ms
73 timing reify:save Completed in 13ms
74 http fetch POST 200 https://registry.npmjs.org/-/npm/v1/security/advisories/bulk 178ms
75 timing auditReport:getReport Completed in 182ms
76 silly audit report {}
77 timing auditReport:init Completed in 0ms
78 timing reify:audit Completed in 184ms
79 timing reify Completed in 1730ms
80 timing command:install Completed in 1738ms
81 verbose exit 0
82 timing npm Completed in 1802ms
83 info ok
