0 verbose cli /usr/bin/node /usr/bin/npm
1 info using npm@9.2.0
2 info using node@v18.19.0
3 timing npm:load:whichnode Completed in 1ms
4 timing config:load:defaults Completed in 3ms
5 timing config:load:file:/usr/share/nodejs/npm/npmrc Completed in 13ms
6 timing config:load:builtin Completed in 13ms
7 timing config:load:cli Completed in 3ms
8 timing config:load:env Completed in 1ms
9 timing config:load:file:/root/.cache/typescript/5.3/.npmrc Completed in 0ms
10 timing config:load:project Completed in 4ms
11 timing config:load:file:/root/.npmrc Completed in 1ms
12 timing config:load:user Completed in 2ms
13 timing config:load:file:/etc/npmrc Completed in 0ms
14 timing config:load:global Completed in 0ms
15 timing config:load:setEnvs Completed in 2ms
16 timing config:load Completed in 30ms
17 timing npm:load:configload Completed in 30ms
18 timing npm:load:mkdirpcache Completed in 0ms
19 timing npm:load:mkdirplogs Completed in 1ms
20 verbose title npm install types-registry@latest
21 verbose argv "install" "--ignore-scripts" "types-registry@latest"
22 timing npm:load:setTitle Completed in 3ms
23 timing config:load:flatten Completed in 9ms
24 timing npm:load:display Completed in 10ms
25 verbose logfile logs-max:10 dir:/home/coder/.npm-cache/_logs/2024-02-19T14_23_33_540Z-
26 verbose logfile /home/coder/.npm-cache/_logs/2024-02-19T14_23_33_540Z-debug-0.log
27 timing npm:load:logFile Completed in 8ms
28 timing npm:load:timers Completed in 0ms
29 timing npm:load:configScope Completed in 0ms
30 timing npm:load Completed in 54ms
31 silly logfile start cleaning logs, removing 2 files
32 timing config:load:flatten Completed in 1ms
33 timing arborist:ctor Completed in 1ms
34 silly logfile done cleaning log files
35 timing arborist:ctor Completed in 0ms
36 timing idealTree:init Completed in 21ms
37 http fetch GET 200 https://registry.npmjs.org/types-registry 141ms (cache revalidated)
38 timing idealTree:userRequests Completed in 158ms
39 silly idealTree buildDeps
40 silly fetch manifest types-registry@0.1.684
41 silly placeDep ROOT types-registry@0.1.684 OK for:  want: 0.1.684
42 timing idealTree:#root Completed in 13ms
43 timing idealTree:node_modules/types-registry Completed in 0ms
44 timing idealTree:buildDeps Completed in 14ms
45 timing idealTree:fixDepFlags Completed in 0ms
46 timing idealTree Completed in 196ms
47 timing reify:loadTrees Completed in 198ms
48 timing reify:diffTrees Completed in 1ms
49 silly reify moves {}
50 timing reify:retireShallow Completed in 2ms
51 timing reify:createSparse Completed in 1ms
52 timing reify:loadBundles Completed in 0ms
53 silly audit bulk request { 'types-registry': [ '0.1.684' ] }
54 timing reifyNode:node_modules/types-registry Completed in 42ms
55 timing reify:unpack Completed in 42ms
56 timing reify:unretire Completed in 0ms
57 timing build:queue Completed in 0ms
58 timing build:deps Completed in 0ms
59 timing build Completed in 1ms
60 timing reify:build Completed in 1ms
61 timing reify:trash Completed in 0ms
62 timing reify:save Completed in 8ms
63 http fetch POST 200 https://registry.npmjs.org/-/npm/v1/security/advisories/bulk 173ms
64 timing auditReport:getReport Completed in 175ms
65 silly audit report {}
66 timing auditReport:init Completed in 0ms
67 timing reify:audit Completed in 175ms
68 timing reify Completed in 383ms
69 silly ADD node_modules/types-registry
70 timing command:install Completed in 390ms
71 verbose exit 0
72 timing npm Completed in 467ms
73 info ok
