0 verbose cli /usr/bin/node /usr/bin/npm
1 info using npm@9.2.0
2 info using node@v18.19.0
3 timing npm:load:whichnode Completed in 1ms
4 timing config:load:defaults Completed in 3ms
5 timing config:load:file:/usr/share/nodejs/npm/npmrc Completed in 3ms
6 timing config:load:builtin Completed in 4ms
7 timing config:load:cli Completed in 4ms
8 timing config:load:env Completed in 2ms
9 timing config:load:file:/root/.cache/typescript/5.3/.npmrc Completed in 0ms
10 timing config:load:project Completed in 3ms
11 timing config:load:file:/root/.npmrc Completed in 1ms
12 timing config:load:user Completed in 1ms
13 timing config:load:file:/etc/npmrc Completed in 0ms
14 timing config:load:global Completed in 0ms
15 timing config:load:setEnvs Completed in 2ms
16 timing config:load Completed in 20ms
17 timing npm:load:configload Completed in 20ms
18 timing npm:load:mkdirpcache Completed in 1ms
19 timing npm:load:mkdirplogs Completed in 0ms
20 verbose title npm install types-registry@latest
21 verbose argv "install" "--ignore-scripts" "types-registry@latest"
22 timing npm:load:setTitle Completed in 4ms
23 timing config:load:flatten Completed in 7ms
24 timing npm:load:display Completed in 10ms
25 verbose logfile logs-max:10 dir:/home/coder/.npm-cache/_logs/2024-02-20T21_48_05_099Z-
26 verbose logfile /home/coder/.npm-cache/_logs/2024-02-20T21_48_05_099Z-debug-0.log
27 timing npm:load:logFile Completed in 8ms
28 timing npm:load:timers Completed in 1ms
29 timing npm:load:configScope Completed in 0ms
30 timing npm:load Completed in 45ms
31 silly logfile start cleaning logs, removing 2 files
32 timing config:load:flatten Completed in 1ms
33 timing arborist:ctor Completed in 1ms
34 silly logfile done cleaning log files
35 timing idealTree:init Completed in 52ms
36 timing arborist:ctor Completed in 1ms
37 http fetch GET 200 https://registry.npmjs.org/types-registry 138ms (cache revalidated)
38 timing idealTree:userRequests Completed in 149ms
39 silly idealTree buildDeps
40 silly fetch manifest types-registry@0.1.684
41 silly placeDep ROOT types-registry@0.1.684 REPLACE for:  want: 0.1.684
42 timing idealTree:#root Completed in 9ms
43 timing idealTree:node_modules/types-registry Completed in 0ms
44 timing idealTree:buildDeps Completed in 11ms
45 timing idealTree:fixDepFlags Completed in 1ms
46 timing idealTree Completed in 213ms
47 timing reify:loadTrees Completed in 214ms
48 timing reify:diffTrees Completed in 3ms
49 silly reify moves {}
50 timing reify:retireShallow Completed in 3ms
51 timing reify:createSparse Completed in 0ms
52 timing reify:loadBundles Completed in 0ms
53 silly audit bulk request {
53 silly audit   '@types/eslint': [ '8.56.2' ],
53 silly audit   '@types/estree': [ '1.0.5' ],
53 silly audit   '@types/json-schema': [ '7.0.15' ],
53 silly audit   '@types/node': [ '20.11.19' ],
53 silly audit   '@types/page': [ '1.11.9' ],
53 silly audit   '@types/prop-types': [ '15.7.11' ],
53 silly audit   '@types/react': [ '18.2.57' ],
53 silly audit   '@types/react-dom': [ '18.2.19' ],
53 silly audit   '@types/scheduler': [ '0.16.8' ],
53 silly audit   csstype: [ '3.1.3' ],
53 silly audit   'undici-types': [ '5.26.5' ],
53 silly audit   'types-registry': [ '0.1.684' ]
53 silly audit }
54 timing reify:unpack Completed in 1ms
55 timing reify:unretire Completed in 0ms
56 timing build:queue Completed in 0ms
57 timing build:deps Completed in 1ms
58 timing build Completed in 1ms
59 timing reify:build Completed in 1ms
60 timing reify:trash Completed in 0ms
61 timing reify:save Completed in 14ms
62 http fetch POST 200 https://registry.npmjs.org/-/npm/v1/security/advisories/bulk 183ms
63 timing auditReport:getReport Completed in 188ms
64 silly audit report {}
65 timing auditReport:init Completed in 0ms
66 timing reify:audit Completed in 189ms
67 timing reify Completed in 414ms
68 timing command:install Completed in 423ms
69 verbose exit 0
70 timing npm Completed in 492ms
71 info ok
